#
# A fatal error has been detected by the Java Runtime Environment:
#
#  SIGSEGV (0xb) at pc=0x0000000000000000, pid=3257, tid=0x000000000001f00f
#
# JRE version: Java(TM) SE Runtime Environment (8.0_151-b12) (build 1.8.0_151-b12)
# Java VM: Java HotSpot(TM) 64-Bit Server VM (25.151-b12 mixed mode bsd-amd64 compressed oops)
# Problematic frame:
# C  0x0000000000000000
#
# Failed to write core dump. Core dumps have been disabled. To enable core dumping, try "ulimit -c unlimited" before starting Java again
#
# If you would like to submit a bug report, please visit:
#   http://bugreport.java.com/bugreport/crash.jsp
#

---------------  T H R E A D  ---------------

Current thread is native thread

siginfo: si_signo: 11 (SIGSEGV), si_code: 1 (SEGV_MAPERR), si_addr: 0x0000000000000000

Registers:
RAX=0x0000000129909508, RBX=0x00000000000161b0, RCX=0x0000000000000010, RDX=0xfffffffffffffff0
RSP=0x00007000100899f8, RBP=0x0000700010089aa0, RSI=0x0000000000000000, RDI=0x00007fae321b5800
R8 =0x0000000000000200, R9 =0x00007fae30d8edb0, R10=0x00007fae31ad4230, R11=0x0000000000000290
R12=0x00007fae30d8edb0, R13=0x00007fae321b5800, R14=0x00007fae30d8eb20, R15=0x0000000000000800
RIP=0x0000000000000000, EFLAGS=0x0000000000010246, ERR=0x0000000000000014
  TRAPNO=0x000000000000000e

Top of Stack: (sp=0x00007000100899f8)
0x00007000100899f8:   00000001298db639 0000000000000000
0x0000700010089a08:   0000000000000000 00007fae321bd9b0
0x0000700010089a18:   0000000129baf010 00007fae321bb9b0
0x0000700010089a28:   0000020006d12400 0000000000000004
0x0000700010089a38:   0000000000000800 0000700000000200
0x0000700010089a48:   00007fae321b99b0 00007fae321b5800
0x0000700010089a58:   0000020000000000 ff80000000001001
0x0000700010089a68:   000000010000037f c53e23dbae5000fc
0x0000700010089a78:   00007fae30e9be68 00007fae30d8edb0
0x0000700010089a88:   00007fae30e9bdf0 00007fae30d8eb20
0x0000700010089a98:   0000000000000200 0000700010089ab0
0x0000700010089aa8:   00000001298eb2ef 0000700010089b30
0x0000700010089ab8:   000000012993ba10 00007fae30e99ad8
0x0000700010089ac8:   00007fae31ad4000 00007fae30e9bdf0
0x0000700010089ad8:   000002000d7d97e1 0000700010089c50
0x0000700010089ae8:   00007fae31ad41f8 0000020000000003
0x0000700010089af8:   0000700010089c38 0000700000000000
0x0000700010089b08:   0000700010089c38 00007fae31ad4000
0x0000700010089b18:   00007fae30e99a60 00007fae30d94410
0x0000700010089b28:   0000000000000200 0000700010089b80
0x0000700010089b38:   0000000129a65454 00007fae30d85930
0x0000700010089b48:   0000700010089c50 0000000010089c20
0x0000700010089b58:   00007fae31ad4000 0000000000000000
0x0000700010089b68:   0000000000001fa0 00007fae30d9442c
0x0000700010089b78:   00007fae31ad4000 0000700010089c10
0x0000700010089b88:   0000000129a64b2a 00007fae30d94410
0x0000700010089b98:   0000000129a64a30 00007fae31ad42e8
0x0000700010089ba8:   0000700010089c38 00007fae31ad4000
0x0000700010089bb8:   00007fae30e99a60 0000700010089c50
0x0000700010089bc8:   00007fae30d94410 0000020031ad42e8
0x0000700010089bd8:   00009fe000001fa0 c53e23dbae5000fc
0x0000700010089be8:   00007fae31ad4000 00007fae30d96c70 

Instructions: (pc=0x0000000000000000)
0xffffffffffffffe0:   

Register to memory mapping:

RAX=0x0000000129909508: PlaybackBackend+0x20 in /var/folders/__/677dyz0j6d159xhks_rrr90h0000gn/T/libgdxkayaba/f7649394/openal.dylib at 0x00000001298c0000
RBX=0x00000000000161b0 is an unknown value
RCX=0x0000000000000010 is an unknown value
RDX=0xfffffffffffffff0 is an unknown value
RSP=0x00007000100899f8 is an unknown value
RBP=0x0000700010089aa0 is an unknown value
RSI=0x0000000000000000 is an unknown value
RDI=0x00007fae321b5800 is an unknown value
R8 =0x0000000000000200 is an unknown value
R9 =0x00007fae30d8edb0 is an unknown value
R10=0x00007fae31ad4230 is an unknown value
R11=0x0000000000000290 is an unknown value
R12=0x00007fae30d8edb0 is an unknown value
R13=0x00007fae321b5800 is an unknown value
R14=0x00007fae30d8eb20 is an unknown value
R15=0x0000000000000800 is an unknown value


Stack: [0x000070001000a000,0x000070001008a000],  sp=0x00007000100899f8,  free space=510k

---------------  P R O C E S S  ---------------

VM state:at safepoint (shutting down)

VM Mutex/Monitor currently owned by a thread:  ([mutex/lock_event])
[0x00007fae30c021d0] Threads_lock - owner thread: 0x00007fae3183d800

Heap:
 PSYoungGen      total 38400K, used 33484K [0x00000007bd580000, 0x00000007c0000000, 0x00000007c0000000)
  eden space 33280K, 85% used [0x00000007bd580000,0x00000007bf133f38,0x00000007bf600000)
  from space 5120K, 99% used [0x00000007bfb00000,0x00000007bffff250,0x00000007c0000000)
  to   space 5120K, 0% used [0x00000007bf600000,0x00000007bf600000,0x00000007bfb00000)
 ParOldGen       total 87552K, used 2484K [0x00000007b8000000, 0x00000007bd580000, 0x00000007bd580000)
  object space 87552K, 2% used [0x00000007b8000000,0x00000007b826d230,0x00000007bd580000)
 Metaspace       used 20536K, capacity 20793K, committed 21120K, reserved 1069056K
  class space    used 2294K, capacity 2399K, committed 2432K, reserved 1048576K

Card table byte_map: [0x0000000108967000,0x00000001089a8000] byte_map_base: 0x0000000104ba7000

Marking Bits: (ParMarkBitMap*) 0x0000000107ef35d0
 Begin Bits: [0x00000001089a8000, 0x0000000108ba8000)
 End Bits:   [0x0000000108ba8000, 0x0000000108da8000)

Polling page: 0x0000000106d6e000

CodeCache: size=245760Kb used=7764Kb max_used=7777Kb free=237995Kb
 bounds [0x000000010953c000, 0x0000000109cec000, 0x000000011853c000]
 total_blobs=2906 nmethods=2251 adapters=568
 compilation: enabled

Compilation events (10 events):
Event: 48.350 Thread 0x00007fae31812800 2253       4       org.lwjgl.opengl.MacOSXNativeKeyboard::flushDeferredEvent (34 bytes)
Event: 48.351 Thread 0x00007fae31812800 nmethod 2253 0x0000000109cd7ad0 code [0x0000000109cd7c20, 0x0000000109cd7c98]
Event: 48.367 Thread 0x00007fae31037800 2254   !   4       org.lwjgl.opengl.Display::isActive (38 bytes)
Event: 48.369 Thread 0x00007fae31037800 nmethod 2254 0x0000000109cd9150 code [0x0000000109cd92c0, 0x0000000109cd9628]
Event: 56.900 Thread 0x00007fae31812800 2255       4       com.jme.util.lwjgl.LWJGLTimer::getTime (9 bytes)
Event: 56.900 Thread 0x00007fae31812800 nmethod 2255 0x0000000109cd9810 code [0x0000000109cd9960, 0x0000000109cd99d8]
Event: 58.384 Thread 0x00007fae31037800 2256       4       com.jmex.bui.background.ImageBackground::render (110 bytes)
Event: 58.386 Thread 0x00007fae31037800 nmethod 2256 0x0000000109cd1e50 code [0x0000000109cd1fc0, 0x0000000109cd21d0]
Event: 66.592 Thread 0x00007fae32804000 2257       1       java.util.logging.LogManager::access$500 (5 bytes)
Event: 66.592 Thread 0x00007fae32804000 nmethod 2257 0x0000000109cced90 code [0x0000000109cceee0, 0x0000000109ccefd0]

GC Heap History (4 events):
Event: 1.604 GC heap before
{Heap before GC invocations=1 (full 0):
 PSYoungGen      total 38400K, used 33280K [0x00000007bd580000, 0x00000007c0000000, 0x00000007c0000000)
  eden space 33280K, 100% used [0x00000007bd580000,0x00000007bf600000,0x00000007bf600000)
  from space 5120K, 0% used [0x00000007bfb00000,0x00000007bfb00000,0x00000007c0000000)
  to   space 5120K, 0% used [0x00000007bf600000,0x00000007bf600000,0x00000007bfb00000)
 ParOldGen       total 87552K, used 0K [0x00000007b8000000, 0x00000007bd580000, 0x00000007bd580000)
  object space 87552K, 0% used [0x00000007b8000000,0x00000007b8000000,0x00000007bd580000)
 Metaspace       used 14255K, capacity 14421K, committed 14720K, reserved 1062912K
  class space    used 1604K, capacity 1661K, committed 1664K, reserved 1048576K
Event: 1.611 GC heap after
Heap after GC invocations=1 (full 0):
 PSYoungGen      total 38400K, used 5092K [0x00000007bd580000, 0x00000007c0000000, 0x00000007c0000000)
  eden space 33280K, 0% used [0x00000007bd580000,0x00000007bd580000,0x00000007bf600000)
  from space 5120K, 99% used [0x00000007bf600000,0x00000007bfaf9300,0x00000007bfb00000)
  to   space 5120K, 0% used [0x00000007bfb00000,0x00000007bfb00000,0x00000007c0000000)
 ParOldGen       total 87552K, used 1423K [0x00000007b8000000, 0x00000007bd580000, 0x00000007bd580000)
  object space 87552K, 1% used [0x00000007b8000000,0x00000007b8163e20,0x00000007bd580000)
 Metaspace       used 14255K, capacity 14421K, committed 14720K, reserved 1062912K
  class space    used 1604K, capacity 1661K, committed 1664K, reserved 1048576K
}
Event: 2.014 GC heap before
{Heap before GC invocations=2 (full 0):
 PSYoungGen      total 38400K, used 38372K [0x00000007bd580000, 0x00000007c0000000, 0x00000007c0000000)
  eden space 33280K, 100% used [0x00000007bd580000,0x00000007bf600000,0x00000007bf600000)
  from space 5120K, 99% used [0x00000007bf600000,0x00000007bfaf9300,0x00000007bfb00000)
  to   space 5120K, 0% used [0x00000007bfb00000,0x00000007bfb00000,0x00000007c0000000)
 ParOldGen       total 87552K, used 1423K [0x00000007b8000000, 0x00000007bd580000, 0x00000007bd580000)
  object space 87552K, 1% used [0x00000007b8000000,0x00000007b8163e20,0x00000007bd580000)
 Metaspace       used 18327K, capacity 18585K, committed 18816K, reserved 1067008K
  class space    used 2080K, capacity 2163K, committed 2176K, reserved 1048576K
Event: 2.020 GC heap after
Heap after GC invocations=2 (full 0):
 PSYoungGen      total 38400K, used 5116K [0x00000007bd580000, 0x00000007c0000000, 0x00000007c0000000)
  eden space 33280K, 0% used [0x00000007bd580000,0x00000007bd580000,0x00000007bf600000)
  from space 5120K, 99% used [0x00000007bfb00000,0x00000007bffff250,0x00000007c0000000)
  to   space 5120K, 0% used [0x00000007bf600000,0x00000007bf600000,0x00000007bfb00000)
 ParOldGen       total 87552K, used 2484K [0x00000007b8000000, 0x00000007bd580000, 0x00000007bd580000)
  object space 87552K, 2% used [0x00000007b8000000,0x00000007b826d230,0x00000007bd580000)
 Metaspace       used 18327K, capacity 18585K, committed 18816K, reserved 1067008K
  class space    used 2080K, capacity 2163K, committed 2176K, reserved 1048576K
}

Deoptimization events (10 events):
Event: 3.401 Thread 0x00007fae321d6000 Uncommon trap: reason=bimorphic action=maybe_recompile pc=0x00000001099db2d8 method=java.io.DataInputStream.readInt()I @ 4
Event: 3.401 Thread 0x00007fae321d6000 Uncommon trap: reason=bimorphic action=maybe_recompile pc=0x00000001099db2d8 method=java.io.DataInputStream.readInt()I @ 4
Event: 3.401 Thread 0x00007fae321d6000 Uncommon trap: reason=bimorphic action=maybe_recompile pc=0x00000001099db2d8 method=java.io.DataInputStream.readInt()I @ 4
Event: 3.401 Thread 0x00007fae321d6000 Uncommon trap: reason=bimorphic action=maybe_recompile pc=0x00000001099db2d8 method=java.io.DataInputStream.readInt()I @ 4
Event: 3.401 Thread 0x00007fae321d6000 Uncommon trap: reason=bimorphic action=maybe_recompile pc=0x00000001099c9e00 method=java.io.DataInputStream.readChar()C @ 4
Event: 3.401 Thread 0x00007fae321d6000 Uncommon trap: reason=bimorphic action=maybe_recompile pc=0x00000001099c9e00 method=java.io.DataInputStream.readChar()C @ 4
Event: 3.401 Thread 0x00007fae321d6000 Uncommon trap: reason=bimorphic action=maybe_recompile pc=0x00000001099c9e00 method=java.io.DataInputStream.readChar()C @ 4
Event: 3.401 Thread 0x00007fae321d6000 Uncommon trap: reason=bimorphic action=maybe_recompile pc=0x00000001099c9e00 method=java.io.DataInputStream.readChar()C @ 4
Event: 27.301 Thread 0x00007fae321d6000 Uncommon trap: reason=predicate action=maybe_recompile pc=0x0000000109cc7874 method=java.util.Arrays.fill([Ljava/lang/Object;Ljava/lang/Object;)V @ 10
Event: 27.636 Thread 0x00007fae321d6000 Uncommon trap: reason=array_check action=maybe_recompile pc=0x0000000109cc1148 method=java.util.Arrays.fill([Ljava/lang/Object;Ljava/lang/Object;)V @ 13

Internal exceptions (10 events):
Event: 0.651 Thread 0x00007fae32806800 Exception <a 'java/security/PrivilegedActionException'> (0x00000007bdd28fe8) thrown at [/Users/java_re/workspace/8-2-build-macosx-x86_64/jdk8u151/9699/hotspot/src/share/vm/prims/jvm.cpp, line 1390]
Event: 0.651 Thread 0x00007fae32806800 Exception <a 'java/security/PrivilegedActionException'> (0x00000007bdd2e108) thrown at [/Users/java_re/workspace/8-2-build-macosx-x86_64/jdk8u151/9699/hotspot/src/share/vm/prims/jvm.cpp, line 1390]
Event: 0.651 Thread 0x00007fae32806800 Exception <a 'java/security/PrivilegedActionException'> (0x00000007bdd2ed60) thrown at [/Users/java_re/workspace/8-2-build-macosx-x86_64/jdk8u151/9699/hotspot/src/share/vm/prims/jvm.cpp, line 1390]
Event: 0.651 Thread 0x00007fae32806800 Exception <a 'java/security/PrivilegedActionException'> (0x00000007bdd2f988) thrown at [/Users/java_re/workspace/8-2-build-macosx-x86_64/jdk8u151/9699/hotspot/src/share/vm/prims/jvm.cpp, line 1390]
Event: 0.759 Thread 0x00007fae321d6000 Exception <a 'org/lwjgl/LWJGLException': Could not create pixel format> (0x00000007be089d08) thrown at [/Users/java_re/workspace/8-2-build-macosx-x86_64/jdk8u151/9699/hotspot/src/share/vm/prims/jni.cpp, line 735]
Event: 0.759 Thread 0x00007fae321d6000 Exception <a 'org/lwjgl/LWJGLException': Could not create pixel format> (0x00000007be08a0f8) thrown at [/Users/java_re/workspace/8-2-build-macosx-x86_64/jdk8u151/9699/hotspot/src/share/vm/prims/jni.cpp, line 735]
Event: 1.197 Thread 0x00007fae321d6000 Exception <a 'java/io/FileNotFoundException'> (0x00000007be366168) thrown at [/Users/java_re/workspace/8-2-build-macosx-x86_64/jdk8u151/9699/hotspot/src/share/vm/prims/jni.cpp, line 709]
Event: 2.341 Thread 0x00007fae321d6000 Implicit null exception at 0x000000010986bcf5 to 0x000000010986bf3d
Event: 3.817 Thread 0x00007fae321d6000 Exception <a 'java/util/zip/ZipException'> (0x00000007beb671f8) thrown at [/Users/java_re/workspace/8-2-build-macosx-x86_64/jdk8u151/9699/hotspot/src/share/vm/prims/jni.cpp, line 709]
Event: 3.819 Thread 0x00007fae321d6000 Exception <a 'java/util/zip/ZipException'> (0x00000007beb7fbf8) thrown at [/Users/java_re/workspace/8-2-build-macosx-x86_64/jdk8u151/9699/hotspot/src/share/vm/prims/jni.cpp, line 709]

Events (10 events):
Event: 66.590 Thread 0x00007fae32108000 Thread exited: 0x00007fae32108000
Event: 66.592 Thread 0x00007fae310e3000 Thread added: 0x00007fae310e3000
Event: 66.592 Thread 0x00007fae310e0000 Thread exited: 0x00007fae310e0000
Event: 66.592 Thread 0x00007fae320b5000 Thread exited: 0x00007fae320b5000
Event: 66.592 Thread 0x00007fae32106800 Thread exited: 0x00007fae32106800
Event: 66.592 Thread 0x00007fae32109000 Thread exited: 0x00007fae32109000
Event: 66.592 Thread 0x00007fae31845800 Thread exited: 0x00007fae31845800
Event: 66.592 Thread 0x00007fae32804000 flushing nmethod 0x000000010963ced0
Event: 66.592 Thread 0x00007fae32804000 flushing nmethod 0x000000010963e090
Event: 66.592 Executing VM operation: Exit


Dynamic libraries:
0x0000000003a3f000 	/System/Library/Frameworks/Cocoa.framework/Versions/A/Cocoa
0x0000000003a3f000 	/System/Library/Frameworks/Security.framework/Versions/A/Security
0x0000000003a3f000 	/System/Library/Frameworks/ApplicationServices.framework/Versions/A/ApplicationServices
0x0000000003a3f000 	/usr/lib/libz.1.dylib
0x0000000003a3f000 	/usr/lib/libSystem.B.dylib
0x0000000003a3f000 	/usr/lib/libobjc.A.dylib
0x0000000003a3f000 	/System/Library/Frameworks/CoreFoundation.framework/Versions/A/CoreFoundation
0x0000000003a3f000 	/System/Library/Frameworks/Foundation.framework/Versions/C/Foundation
0x0000000003a3f000 	/System/Library/Frameworks/AppKit.framework/Versions/C/AppKit
0x0000000003a3f000 	/System/Library/Frameworks/CoreData.framework/Versions/A/CoreData
0x0000000003a3f000 	/System/Library/PrivateFrameworks/RemoteViewServices.framework/Versions/A/RemoteViewServices
0x0000000003a3f000 	/System/Library/PrivateFrameworks/UIFoundation.framework/Versions/A/UIFoundation
0x0000000003a3f000 	/System/Library/PrivateFrameworks/DFRFoundation.framework/Versions/A/DFRFoundation
0x0000000003a3f000 	/System/Library/Frameworks/Metal.framework/Versions/A/Metal
0x0000000003a3f000 	/System/Library/PrivateFrameworks/DesktopServicesPriv.framework/Versions/A/DesktopServicesPriv
0x0000000003a3f000 	/usr/lib/libenergytrace.dylib
0x0000000003a3f000 	/System/Library/PrivateFrameworks/SkyLight.framework/Versions/A/SkyLight
0x0000000003a3f000 	/System/Library/Frameworks/CoreGraphics.framework/Versions/A/CoreGraphics
0x0000000003a3f000 	/usr/lib/libScreenReader.dylib
0x0000000003a3f000 	/System/Library/Frameworks/Accelerate.framework/Versions/A/Accelerate
0x0000000003a3f000 	/System/Library/Frameworks/IOSurface.framework/Versions/A/IOSurface
0x0000000003a3f000 	/System/Library/Frameworks/AudioToolbox.framework/Versions/A/AudioToolbox
0x0000000003a3f000 	/System/Library/Frameworks/AudioUnit.framework/Versions/A/AudioUnit
0x0000000003a3f000 	/System/Library/PrivateFrameworks/DataDetectorsCore.framework/Versions/A/DataDetectorsCore
0x0000000003a3f000 	/System/Library/Frameworks/Carbon.framework/Versions/A/Frameworks/HIToolbox.framework/Versions/A/HIToolbox
0x0000000003a3f000 	/usr/lib/libicucore.A.dylib
0x0000000003a3f000 	/System/Library/Frameworks/QuartzCore.framework/Versions/A/QuartzCore
0x0000000003a3f000 	/System/Library/Frameworks/Carbon.framework/Versions/A/Frameworks/SpeechRecognition.framework/Versions/A/SpeechRecognition
0x0000000003a3f000 	/usr/lib/libauto.dylib
0x0000000003a3f000 	/usr/lib/libxml2.2.dylib
0x0000000003a3f000 	/System/Library/PrivateFrameworks/CoreUI.framework/Versions/A/CoreUI
0x0000000003a3f000 	/System/Library/Frameworks/CoreAudio.framework/Versions/A/CoreAudio
0x0000000003a3f000 	/System/Library/Frameworks/DiskArbitration.framework/Versions/A/DiskArbitration
0x0000000003a3f000 	/usr/lib/liblangid.dylib
0x0000000003a3f000 	/System/Library/PrivateFrameworks/MultitouchSupport.framework/Versions/A/MultitouchSupport
0x0000000003a3f000 	/System/Library/Frameworks/IOKit.framework/Versions/A/IOKit
0x0000000003a3f000 	/usr/lib/libDiagnosticMessagesClient.dylib
0x0000000003a3f000 	/System/Library/Frameworks/CoreServices.framework/Versions/A/CoreServices
0x0000000003a3f000 	/System/Library/PrivateFrameworks/PerformanceAnalysis.framework/Versions/A/PerformanceAnalysis
0x0000000003a3f000 	/System/Library/Frameworks/OpenGL.framework/Versions/A/OpenGL
0x0000000003a3f000 	/System/Library/Frameworks/ColorSync.framework/Versions/A/ColorSync
0x0000000003a3f000 	/System/Library/Frameworks/CoreImage.framework/Versions/A/CoreImage
0x0000000003a3f000 	/System/Library/Frameworks/CoreText.framework/Versions/A/CoreText
0x0000000003a3f000 	/System/Library/Frameworks/ImageIO.framework/Versions/A/ImageIO
0x0000000003a3f000 	/System/Library/PrivateFrameworks/Backup.framework/Versions/A/Backup
0x0000000003a3f000 	/usr/lib/libarchive.2.dylib
0x0000000003a3f000 	/System/Library/Frameworks/CFNetwork.framework/Versions/A/CFNetwork
0x0000000003a3f000 	/System/Library/Frameworks/SystemConfiguration.framework/Versions/A/SystemConfiguration
0x0000000003a3f000 	/usr/lib/libCRFSuite.dylib
0x0000000003a3f000 	/usr/lib/libc++.1.dylib
0x0000000003a3f000 	/usr/lib/libc++abi.dylib
0x0000000003a3f000 	/usr/lib/system/libcache.dylib
0x0000000003a3f000 	/usr/lib/system/libcommonCrypto.dylib
0x0000000003a3f000 	/usr/lib/system/libcompiler_rt.dylib
0x0000000003a3f000 	/usr/lib/system/libcopyfile.dylib
0x0000000003a3f000 	/usr/lib/system/libcorecrypto.dylib
0x0000000003a3f000 	/usr/lib/system/libdispatch.dylib
0x0000000003a3f000 	/usr/lib/system/libdyld.dylib
0x0000000003a3f000 	/usr/lib/system/libkeymgr.dylib
0x0000000003a3f000 	/usr/lib/system/liblaunch.dylib
0x0000000003a3f000 	/usr/lib/system/libmacho.dylib
0x0000000003a3f000 	/usr/lib/system/libquarantine.dylib
0x0000000003a3f000 	/usr/lib/system/libremovefile.dylib
0x0000000003a3f000 	/usr/lib/system/libsystem_asl.dylib
0x0000000003a3f000 	/usr/lib/system/libsystem_blocks.dylib
0x0000000003a3f000 	/usr/lib/system/libsystem_c.dylib
0x0000000003a3f000 	/usr/lib/system/libsystem_configuration.dylib
0x0000000003a3f000 	/usr/lib/system/libsystem_coreservices.dylib
0x0000000003a3f000 	/usr/lib/system/libsystem_darwin.dylib
0x0000000003a3f000 	/usr/lib/system/libsystem_dnssd.dylib
0x0000000003a3f000 	/usr/lib/system/libsystem_info.dylib
0x0000000003a3f000 	/usr/lib/system/libsystem_m.dylib
0x0000000003a3f000 	/usr/lib/system/libsystem_malloc.dylib
0x0000000003a3f000 	/usr/lib/system/libsystem_network.dylib
0x0000000003a3f000 	/usr/lib/system/libsystem_networkextension.dylib
0x0000000003a3f000 	/usr/lib/system/libsystem_notify.dylib
0x0000000003a3f000 	/usr/lib/system/libsystem_sandbox.dylib
0x0000000003a3f000 	/usr/lib/system/libsystem_secinit.dylib
0x0000000003a3f000 	/usr/lib/system/libsystem_kernel.dylib
0x0000000003a3f000 	/usr/lib/system/libsystem_platform.dylib
0x0000000003a3f000 	/usr/lib/system/libsystem_pthread.dylib
0x0000000003a3f000 	/usr/lib/system/libsystem_symptoms.dylib
0x0000000003a3f000 	/usr/lib/system/libsystem_trace.dylib
0x0000000003a3f000 	/usr/lib/system/libunwind.dylib
0x0000000003a3f000 	/usr/lib/system/libxpc.dylib
0x0000000003a3f000 	/usr/lib/closure/libclosured.dylib
0x0000000003a3f000 	/usr/lib/libbsm.0.dylib
0x0000000003a3f000 	/usr/lib/system/libkxld.dylib
0x0000000003a3f000 	/usr/lib/libOpenScriptingUtil.dylib
0x0000000003a3f000 	/usr/lib/libcoretls.dylib
0x0000000003a3f000 	/usr/lib/libcoretls_cfhelpers.dylib
0x0000000003a3f000 	/usr/lib/libpam.2.dylib
0x0000000003a3f000 	/usr/lib/libsqlite3.dylib
0x0000000003a3f000 	/usr/lib/libxar.1.dylib
0x0000000003a3f000 	/usr/lib/libbz2.1.0.dylib
0x0000000003a3f000 	/usr/lib/liblzma.5.dylib
0x0000000003a3f000 	/usr/lib/libnetwork.dylib
0x0000000003a3f000 	/usr/lib/libapple_nghttp2.dylib
0x0000000003a3f000 	/usr/lib/libpcap.A.dylib
0x0000000003a3f000 	/usr/lib/libboringssl.dylib
0x0000000003a3f000 	/usr/lib/libusrtcp.dylib
0x0000000003a3f000 	/usr/lib/libapple_crypto.dylib
0x0000000003a3f000 	/System/Library/Frameworks/CoreServices.framework/Versions/A/Frameworks/FSEvents.framework/Versions/A/FSEvents
0x0000000003a3f000 	/System/Library/Frameworks/CoreServices.framework/Versions/A/Frameworks/CarbonCore.framework/Versions/A/CarbonCore
0x0000000003a3f000 	/System/Library/Frameworks/CoreServices.framework/Versions/A/Frameworks/Metadata.framework/Versions/A/Metadata
0x0000000003a3f000 	/System/Library/Frameworks/CoreServices.framework/Versions/A/Frameworks/OSServices.framework/Versions/A/OSServices
0x0000000003a3f000 	/System/Library/Frameworks/CoreServices.framework/Versions/A/Frameworks/SearchKit.framework/Versions/A/SearchKit
0x0000000003a3f000 	/System/Library/Frameworks/CoreServices.framework/Versions/A/Frameworks/AE.framework/Versions/A/AE
0x0000000003a3f000 	/System/Library/Frameworks/CoreServices.framework/Versions/A/Frameworks/LaunchServices.framework/Versions/A/LaunchServices
0x0000000003a3f000 	/System/Library/Frameworks/CoreServices.framework/Versions/A/Frameworks/DictionaryServices.framework/Versions/A/DictionaryServices
0x0000000003a3f000 	/System/Library/Frameworks/CoreServices.framework/Versions/A/Frameworks/SharedFileList.framework/Versions/A/SharedFileList
0x0000000003a3f000 	/System/Library/Frameworks/NetFS.framework/Versions/A/NetFS
0x0000000003a3f000 	/System/Library/PrivateFrameworks/NetAuth.framework/Versions/A/NetAuth
0x0000000003a3f000 	/System/Library/PrivateFrameworks/login.framework/Versions/A/Frameworks/loginsupport.framework/Versions/A/loginsupport
0x0000000003a3f000 	/System/Library/PrivateFrameworks/TCC.framework/Versions/A/TCC
0x0000000003a3f000 	/usr/lib/libmecabra.dylib
0x0000000003a3f000 	/System/Library/Frameworks/ApplicationServices.framework/Versions/A/Frameworks/ATS.framework/Versions/A/ATS
0x0000000003a3f000 	/System/Library/Frameworks/ApplicationServices.framework/Versions/A/Frameworks/ColorSyncLegacy.framework/Versions/A/ColorSyncLegacy
0x0000000003a3f000 	/System/Library/Frameworks/ApplicationServices.framework/Versions/A/Frameworks/HIServices.framework/Versions/A/HIServices
0x0000000003a3f000 	/System/Library/Frameworks/ApplicationServices.framework/Versions/A/Frameworks/LangAnalysis.framework/Versions/A/LangAnalysis
0x0000000003a3f000 	/System/Library/Frameworks/ApplicationServices.framework/Versions/A/Frameworks/PrintCore.framework/Versions/A/PrintCore
0x0000000003a3f000 	/System/Library/Frameworks/ApplicationServices.framework/Versions/A/Frameworks/QD.framework/Versions/A/QD
0x0000000003a3f000 	/System/Library/Frameworks/ApplicationServices.framework/Versions/A/Frameworks/SpeechSynthesis.framework/Versions/A/SpeechSynthesis
0x0000000003a3f000 	/System/Library/Frameworks/CoreDisplay.framework/Versions/A/CoreDisplay
0x0000000003a3f000 	/System/Library/Frameworks/Accelerate.framework/Versions/A/Frameworks/vImage.framework/Versions/A/vImage
0x0000000003a3f000 	/System/Library/Frameworks/Accelerate.framework/Versions/A/Frameworks/vecLib.framework/Versions/A/vecLib
0x0000000003a3f000 	/System/Library/Frameworks/Accelerate.framework/Versions/A/Frameworks/vecLib.framework/Versions/A/libvDSP.dylib
0x0000000003a3f000 	/System/Library/Frameworks/Accelerate.framework/Versions/A/Frameworks/vecLib.framework/Versions/A/libBNNS.dylib
0x0000000003a3f000 	/System/Library/Frameworks/Accelerate.framework/Versions/A/Frameworks/vecLib.framework/Versions/A/libQuadrature.dylib
0x0000000003a3f000 	/System/Library/Frameworks/Accelerate.framework/Versions/A/Frameworks/vecLib.framework/Versions/A/libvMisc.dylib
0x0000000003a3f000 	/System/Library/Frameworks/Accelerate.framework/Versions/A/Frameworks/vecLib.framework/Versions/A/libLAPACK.dylib
0x0000000003a3f000 	/System/Library/Frameworks/Accelerate.framework/Versions/A/Frameworks/vecLib.framework/Versions/A/libBLAS.dylib
0x0000000003a3f000 	/System/Library/Frameworks/Accelerate.framework/Versions/A/Frameworks/vecLib.framework/Versions/A/libLinearAlgebra.dylib
0x0000000003a3f000 	/System/Library/Frameworks/Accelerate.framework/Versions/A/Frameworks/vecLib.framework/Versions/A/libSparse.dylib
0x0000000003a3f000 	/System/Library/Frameworks/Accelerate.framework/Versions/A/Frameworks/vecLib.framework/Versions/A/libSparseBLAS.dylib
0x0000000003a3f000 	/System/Library/PrivateFrameworks/IOAccelerator.framework/Versions/A/IOAccelerator
0x0000000003a3f000 	/System/Library/PrivateFrameworks/IOPresentment.framework/Versions/A/IOPresentment
0x0000000003a3f000 	/System/Library/PrivateFrameworks/DSExternalDisplay.framework/Versions/A/DSExternalDisplay
0x0000000003a3f000 	/System/Library/Frameworks/OpenGL.framework/Versions/A/Libraries/libCoreFSCache.dylib
0x0000000003a3f000 	/System/Library/Frameworks/CoreVideo.framework/Versions/A/CoreVideo
0x0000000003a3f000 	/System/Library/PrivateFrameworks/GraphVisualizer.framework/Versions/A/GraphVisualizer
0x0000000003a3f000 	/System/Library/Frameworks/MetalPerformanceShaders.framework/Versions/A/MetalPerformanceShaders
0x0000000003a3f000 	/usr/lib/libFosl_dynamic.dylib
0x0000000003a3f000 	/System/Library/PrivateFrameworks/FaceCore.framework/Versions/A/FaceCore
0x0000000003a3f000 	/System/Library/Frameworks/OpenCL.framework/Versions/A/OpenCL
0x0000000003a3f000 	/usr/lib/libcompression.dylib
0x0000000003a3f000 	/System/Library/Frameworks/ApplicationServices.framework/Versions/A/Frameworks/ATS.framework/Versions/A/Resources/libFontParser.dylib
0x0000000003a3f000 	/System/Library/Frameworks/ApplicationServices.framework/Versions/A/Frameworks/ATS.framework/Versions/A/Resources/libFontRegistry.dylib
0x0000000003a3f000 	/System/Library/Frameworks/ImageIO.framework/Versions/A/Resources/libJPEG.dylib
0x0000000003a3f000 	/System/Library/Frameworks/ImageIO.framework/Versions/A/Resources/libTIFF.dylib
0x0000000003a3f000 	/System/Library/Frameworks/ImageIO.framework/Versions/A/Resources/libPng.dylib
0x0000000003a3f000 	/System/Library/Frameworks/ImageIO.framework/Versions/A/Resources/libGIF.dylib
0x0000000003a3f000 	/System/Library/Frameworks/ImageIO.framework/Versions/A/Resources/libJP2.dylib
0x0000000003a3f000 	/System/Library/Frameworks/ImageIO.framework/Versions/A/Resources/libRadiance.dylib
0x0000000003a3f000 	/System/Library/PrivateFrameworks/AppleJPEG.framework/Versions/A/AppleJPEG
0x0000000003a3f000 	/System/Library/PrivateFrameworks/MetalTools.framework/Versions/A/MetalTools
0x0000000003a3f000 	/System/Library/Frameworks/MetalPerformanceShaders.framework/Frameworks/MPSCore.framework/Versions/A/MPSCore
0x0000000003a3f000 	/System/Library/Frameworks/MetalPerformanceShaders.framework/Frameworks/MPSImage.framework/Versions/A/MPSImage
0x0000000003a3f000 	/System/Library/Frameworks/MetalPerformanceShaders.framework/Frameworks/MPSMatrix.framework/Versions/A/MPSMatrix
0x0000000003a3f000 	/System/Library/Frameworks/MetalPerformanceShaders.framework/Frameworks/MPSNeuralNetwork.framework/Versions/A/MPSNeuralNetwork
0x0000000003a3f000 	/System/Library/Frameworks/OpenGL.framework/Versions/A/Libraries/libGLU.dylib
0x0000000003a3f000 	/System/Library/Frameworks/OpenGL.framework/Versions/A/Libraries/libGFXShared.dylib
0x0000000003a3f000 	/System/Library/Frameworks/OpenGL.framework/Versions/A/Libraries/libGL.dylib
0x0000000003a3f000 	/System/Library/Frameworks/OpenGL.framework/Versions/A/Libraries/libGLImage.dylib
0x0000000003a3f000 	/System/Library/Frameworks/OpenGL.framework/Versions/A/Libraries/libCVMSPluginSupport.dylib
0x0000000003a3f000 	/System/Library/Frameworks/OpenGL.framework/Versions/A/Libraries/libCoreVMClient.dylib
0x0000000003a3f000 	/usr/lib/libcups.2.dylib
0x0000000003a3f000 	/System/Library/Frameworks/Kerberos.framework/Versions/A/Kerberos
0x0000000003a3f000 	/System/Library/Frameworks/GSS.framework/Versions/A/GSS
0x0000000003a3f000 	/usr/lib/libresolv.9.dylib
0x0000000003a3f000 	/usr/lib/libiconv.2.dylib
0x0000000003a3f000 	/System/Library/PrivateFrameworks/Heimdal.framework/Versions/A/Heimdal
0x0000000003a3f000 	/usr/lib/libheimdal-asn1.dylib
0x0000000003a3f000 	/System/Library/Frameworks/OpenDirectory.framework/Versions/A/OpenDirectory
0x0000000003a3f000 	/System/Library/PrivateFrameworks/CommonAuth.framework/Versions/A/CommonAuth
0x0000000003a3f000 	/System/Library/Frameworks/OpenDirectory.framework/Versions/A/Frameworks/CFOpenDirectory.framework/Versions/A/CFOpenDirectory
0x0000000003a3f000 	/System/Library/Frameworks/SecurityFoundation.framework/Versions/A/SecurityFoundation
0x0000000003a3f000 	/System/Library/PrivateFrameworks/APFS.framework/Versions/A/APFS
0x0000000003a3f000 	/usr/lib/libutil.dylib
0x0000000003a3f000 	/System/Library/PrivateFrameworks/AppleSauce.framework/Versions/A/AppleSauce
0x0000000003a3f000 	/System/Library/PrivateFrameworks/LinguisticData.framework/Versions/A/LinguisticData
0x0000000003a3f000 	/usr/lib/libmarisa.dylib
0x0000000003a3f000 	/System/Library/PrivateFrameworks/Lexicon.framework/Versions/A/Lexicon
0x0000000003a3f000 	/usr/lib/libChineseTokenizer.dylib
0x0000000003a3f000 	/usr/lib/libcmph.dylib
0x0000000003a3f000 	/System/Library/PrivateFrameworks/LanguageModeling.framework/Versions/A/LanguageModeling
0x0000000003a3f000 	/System/Library/PrivateFrameworks/CoreEmoji.framework/Versions/A/CoreEmoji
0x0000000003a3f000 	/System/Library/Frameworks/ServiceManagement.framework/Versions/A/ServiceManagement
0x0000000003a3f000 	/System/Library/PrivateFrameworks/BackgroundTaskManagement.framework/Versions/A/BackgroundTaskManagement
0x0000000003a3f000 	/usr/lib/libxslt.1.dylib
0x0000000003a3f000 	/System/Library/Frameworks/Carbon.framework/Versions/A/Frameworks/Ink.framework/Versions/A/Ink
0x0000000003a3f000 	/System/Library/PrivateFrameworks/TextureIO.framework/Versions/A/TextureIO
0x0000000003a3f000 	/usr/lib/libate.dylib
0x0000000003a3f000 	/System/Library/PrivateFrameworks/CrashReporterSupport.framework/Versions/A/CrashReporterSupport
0x0000000003a3f000 	/System/Library/PrivateFrameworks/Sharing.framework/Versions/A/Sharing
0x0000000003a3f000 	/System/Library/PrivateFrameworks/IconServices.framework/Versions/A/IconServices
0x0000000003a3f000 	/System/Library/PrivateFrameworks/ProtocolBuffer.framework/Versions/A/ProtocolBuffer
0x0000000003a3f000 	/System/Library/PrivateFrameworks/Apple80211.framework/Versions/A/Apple80211
0x0000000003a3f000 	/System/Library/Frameworks/CoreWLAN.framework/Versions/A/CoreWLAN
0x0000000003a3f000 	/System/Library/PrivateFrameworks/CoreUtils.framework/Versions/A/CoreUtils
0x0000000003a3f000 	/System/Library/Frameworks/IOBluetooth.framework/Versions/A/IOBluetooth
0x0000000003a3f000 	/System/Library/PrivateFrameworks/CoreWiFi.framework/Versions/A/CoreWiFi
0x0000000003a3f000 	/System/Library/Frameworks/CoreBluetooth.framework/Versions/A/CoreBluetooth
0x0000000003a3f000 	/System/Library/PrivateFrameworks/SignpostNotification.framework/Versions/A/SignpostNotification
0x0000000003a3f000 	/System/Library/PrivateFrameworks/DebugSymbols.framework/Versions/A/DebugSymbols
0x0000000003a3f000 	/System/Library/PrivateFrameworks/CoreSymbolication.framework/Versions/A/CoreSymbolication
0x0000000003a3f000 	/System/Library/PrivateFrameworks/Symbolication.framework/Versions/A/Symbolication
0x0000000003a3f000 	/System/Library/PrivateFrameworks/AppleFSCompression.framework/Versions/A/AppleFSCompression
0x0000000003a3f000 	/System/Library/PrivateFrameworks/SpeechRecognitionCore.framework/Versions/A/SpeechRecognitionCore
0x0000000107600000 	/Library/Java/JavaVirtualMachines/jdk1.8.0_151.jdk/Contents/Home/jre/lib/server/libjvm.dylib
0x0000000003a3f000 	/usr/lib/libstdc++.6.0.9.dylib
0x0000000106d2b000 	/Library/Java/JavaVirtualMachines/jdk1.8.0_151.jdk/Contents/Home/jre/lib/libverify.dylib
0x0000000106d39000 	/Library/Java/JavaVirtualMachines/jdk1.8.0_151.jdk/Contents/Home/jre/lib/libjava.dylib
0x0000000106db8000 	/Library/Java/JavaVirtualMachines/jdk1.8.0_151.jdk/Contents/Home/jre/lib/libzip.dylib
0x0000000003a3f000 	/System/Library/Frameworks/JavaVM.framework/Versions/A/Frameworks/JavaRuntimeSupport.framework/Versions/A/JavaRuntimeSupport
0x0000000003a3f000 	/System/Library/Frameworks/JavaVM.framework/Versions/A/Frameworks/JavaNativeFoundation.framework/Versions/A/JavaNativeFoundation
0x0000000003a3f000 	/System/Library/Frameworks/JavaVM.framework/Versions/A/JavaVM
0x0000000003a3f000 	/System/Library/Frameworks/Carbon.framework/Versions/A/Carbon
0x0000000003a3f000 	/System/Library/PrivateFrameworks/JavaLaunching.framework/Versions/A/JavaLaunching
0x0000000003a3f000 	/System/Library/Frameworks/Carbon.framework/Versions/A/Frameworks/CommonPanels.framework/Versions/A/CommonPanels
0x0000000003a3f000 	/System/Library/Frameworks/Carbon.framework/Versions/A/Frameworks/Help.framework/Versions/A/Help
0x0000000003a3f000 	/System/Library/Frameworks/Carbon.framework/Versions/A/Frameworks/ImageCapture.framework/Versions/A/ImageCapture
0x0000000003a3f000 	/System/Library/Frameworks/Carbon.framework/Versions/A/Frameworks/OpenScripting.framework/Versions/A/OpenScripting
0x0000000003a3f000 	/System/Library/Frameworks/Carbon.framework/Versions/A/Frameworks/Print.framework/Versions/A/Print
0x0000000003a3f000 	/System/Library/Frameworks/Carbon.framework/Versions/A/Frameworks/SecurityHI.framework/Versions/A/SecurityHI
0x000000011b447000 	/private/var/folders/__/677dyz0j6d159xhks_rrr90h0000gn/T/steamworks4j/c6321039/libsteam_api.dylib
0x000000011b48c000 	/private/var/folders/__/677dyz0j6d159xhks_rrr90h0000gn/T/steamworks4j/c6321039/libsteamworks4j.dylib
0x000000011b4f3000 	/Users/kayaba/Library/Application Support/Steam/Steam.AppBundle/Steam/Contents/MacOS/steamclient.dylib
0x000000011d552000 	/Users/kayaba/Library/Application Support/Steam/Steam.AppBundle/Steam/Contents/MacOS/libtier0_s.dylib
0x000000011d587000 	/Users/kayaba/Library/Application Support/Steam/Steam.AppBundle/Steam/Contents/MacOS/libvstdlib_s.dylib
0x000000011d5e3000 	/Users/kayaba/Library/Application Support/Steam/Steam.AppBundle/Steam/Contents/MacOS/libaudio.dylib
0x0000000003a3f000 	/System/Library/Frameworks/OpenAL.framework/Versions/A/OpenAL
0x000000011d609000 	/Users/kayaba/Library/Application Support/Steam/Steam.AppBundle/Steam/Contents/MacOS/crashhandler.dylib
0x000000011d634000 	/Users/kayaba/Library/Application Support/Steam/Steam.AppBundle/Steam/Contents/MacOS/Frameworks/Breakpad.framework/Versions/A/Breakpad
0x000000011d649000 	/Users/kayaba/Library/Application Support/Steam/Steam.AppBundle/Steam/Contents/MacOS/Frameworks/Breakpad.framework/Versions/A/Resources/breakpadUtilities.dylib
0x000000011d6a1000 	/Library/Java/JavaVirtualMachines/jdk1.8.0_151.jdk/Contents/Home/jre/lib/libosx.dylib
0x000000011d6af000 	/Library/Java/JavaVirtualMachines/jdk1.8.0_151.jdk/Contents/Home/jre/lib/./libosxapp.dylib
0x0000000003a3f000 	/System/Library/Frameworks/ExceptionHandling.framework/Versions/A/ExceptionHandling
0x000000011d6cb000 	/private/var/folders/__/677dyz0j6d159xhks_rrr90h0000gn/T/libgdxkayaba/d8ae55ed/libgdx64.dylib
0x000000011d710000 	/Library/Java/JavaVirtualMachines/jdk1.8.0_151.jdk/Contents/Home/jre/lib/libawt.dylib
0x000000011d7b8000 	/Library/Java/JavaVirtualMachines/jdk1.8.0_151.jdk/Contents/Home/jre/lib/./libmlib_image.dylib
0x000000011d884000 	/Library/Java/JavaVirtualMachines/jdk1.8.0_151.jdk/Contents/Home/jre/lib/libawt_lwawt.dylib
0x0000000003a3f000 	/System/Library/PrivateFrameworks/CoreServicesInternal.framework/Versions/A/CoreServicesInternal
0x0000000003a3f000 	/System/Library/CoreServices/RawCamera.bundle/Contents/MacOS/RawCamera
0x0000000003a3f000 	/System/Library/PrivateFrameworks/MobileAsset.framework/Versions/A/MobileAsset
0x0000000003a3f000 	/System/Library/PrivateFrameworks/StreamingZip.framework/Versions/A/StreamingZip
0x0000000003a3f000 	/System/Library/Frameworks/MediaToolbox.framework/Versions/A/MediaToolbox
0x0000000003a3f000 	/System/Library/PrivateFrameworks/CoreAVCHD.framework/Versions/A/CoreAVCHD
0x0000000003a3f000 	/System/Library/Frameworks/MediaAccessibility.framework/Versions/A/MediaAccessibility
0x0000000003a3f000 	/System/Library/PrivateFrameworks/Mangrove.framework/Versions/A/Mangrove
0x0000000003a3f000 	/System/Library/Frameworks/CoreMedia.framework/Versions/A/CoreMedia
0x0000000003a3f000 	/System/Library/Frameworks/VideoToolbox.framework/Versions/A/VideoToolbox
0x0000000003a3f000 	/System/Library/PrivateFrameworks/CoreAUC.framework/Versions/A/CoreAUC
0x0000000003a3f000 	/usr/lib/libspindump.dylib
0x0000000003a3f000 	/usr/lib/libdscsym.dylib
0x0000000003a3f000 	/System/Library/PrivateFrameworks/AppleVA.framework/Versions/A/AppleVA
0x0000000003a3f000 	/System/Library/Frameworks/Accelerate.framework/Versions/A/Frameworks/vImage.framework/Versions/A/Libraries/libCGInterfaces.dylib
0x0000000003a3f000 	/System/Library/Frameworks/ApplicationServices.framework/Versions/A/Frameworks/ATS.framework/Versions/A/Resources/libTrueTypeScaler.dylib
0x0000000003a3f000 	/System/Library/Frameworks/OpenGL.framework/Versions/A/Resources/GLEngine.bundle/GLEngine
0x0000000003a3f000 	/System/Library/Frameworks/OpenGL.framework/Versions/A/Libraries/libGLProgrammability.dylib
0x000000011f935000 	/System/Library/Extensions/GeForceGLDriverWeb.bundle/Contents/MacOS/GeForceGLDriverWeb
0x0000000003a3f000 	/System/Library/PrivateFrameworks/GPUSupport.framework/Versions/A/Libraries/libGPUSupportMercury.dylib
0x0000000003a3f000 	/System/Library/Frameworks/OpenGL.framework/Versions/A/Resources/GLRendererFloat.bundle/GLRendererFloat
0x0000000003a3f000 	/System/Library/Frameworks/OpenCL.framework/Versions/A/Libraries/libcldcpuengine.dylib
0x0000000003a3f000 	/usr/lib/libcrypto.35.dylib
0x0000000003a3f000 	/System/Library/PrivateFrameworks/TrustEvaluationAgent.framework/Versions/A/TrustEvaluationAgent
0x0000000120e7c000 	/System/Library/Extensions/GeForceMTLDriverWeb.bundle/Contents/MacOS/GeForceMTLDriverWeb
0x0000000003a3f000 	/System/Library/PrivateFrameworks/GPUCompiler.framework/Versions/3802/Libraries/libmetal_timestamp.dylib
0x0000000003a3f000 	/System/Library/PrivateFrameworks/FamilyControls.framework/Versions/A/FamilyControls
0x0000000003a3f000 	/System/Library/PrivateFrameworks/CommerceKit.framework/Versions/A/Frameworks/CommerceCore.framework/Versions/A/CommerceCore
0x0000000003a3f000 	/System/Library/PrivateFrameworks/SystemAdministration.framework/Versions/A/SystemAdministration
0x0000000003a3f000 	/System/Library/PrivateFrameworks/AppContainer.framework/Versions/A/AppContainer
0x0000000003a3f000 	/System/Library/PrivateFrameworks/SecCodeWrapper.framework/Versions/A/SecCodeWrapper
0x0000000003a3f000 	/System/Library/PrivateFrameworks/DiskManagement.framework/Versions/A/DiskManagement
0x0000000003a3f000 	/System/Library/Frameworks/DirectoryService.framework/Versions/A/DirectoryService
0x0000000003a3f000 	/System/Library/PrivateFrameworks/DiskImages.framework/Versions/A/DiskImages
0x0000000003a3f000 	/System/Library/PrivateFrameworks/LoginUIKit.framework/Versions/A/Frameworks/LoginUICore.framework/Versions/A/LoginUICore
0x0000000003a3f000 	/usr/lib/libCoreStorage.dylib
0x0000000003a3f000 	/usr/lib/libcsfde.dylib
0x0000000003a3f000 	/usr/lib/libodfde.dylib
0x0000000003a3f000 	/System/Library/PrivateFrameworks/MediaKit.framework/Versions/A/MediaKit
0x0000000003a3f000 	/System/Library/Frameworks/DiscRecording.framework/Versions/A/DiscRecording
0x0000000003a3f000 	/System/Library/PrivateFrameworks/EFILogin.framework/Versions/A/EFILogin
0x0000000003a3f000 	/System/Library/PrivateFrameworks/ProtectedCloudStorage.framework/Versions/A/ProtectedCloudStorage
0x0000000003a3f000 	/usr/lib/libcurl.4.dylib
0x0000000003a3f000 	/usr/lib/libssl.35.dylib
0x0000000003a3f000 	/System/Library/Frameworks/LDAP.framework/Versions/A/LDAP
0x0000000003a3f000 	/usr/lib/libsasl2.2.dylib
0x0000000003a3f000 	/System/Library/PrivateFrameworks/CoreDaemon.framework/Versions/B/CoreDaemon
0x0000000003a3f000 	/System/Library/PrivateFrameworks/AppleSRP.framework/Versions/A/AppleSRP
0x00000001297bb000 	/Library/Java/JavaVirtualMachines/jdk1.8.0_151.jdk/Contents/Home/jre/lib/libfontmanager.dylib
0x000000012983e000 	/private/var/folders/__/677dyz0j6d159xhks_rrr90h0000gn/T/libgdxkayaba/f7649394/liblwjgl.dylib
0x000000011e8a8000 	/Library/Java/JavaVirtualMachines/jdk1.8.0_151.jdk/Contents/Home/jre/lib/libjawt.dylib
0x00000001298c0000 	/var/folders/__/677dyz0j6d159xhks_rrr90h0000gn/T/libgdxkayaba/f7649394/openal.dylib
0x0000000129939000 	/System/Library/Components/CoreAudio.component/Contents/MacOS/CoreAudio
0x0000000129ba3000 	/System/Library/Extensions/AppleHDA.kext/Contents/PlugIns/AppleHDAHALPlugIn.bundle/Contents/MacOS/AppleHDAHALPlugIn
0x0000000003a3f000 	/System/Library/PrivateFrameworks/ViewBridge.framework/Versions/A/ViewBridge
0x000000012af32000 	/Library/Java/JavaVirtualMachines/jdk1.8.0_151.jdk/Contents/Home/jre/lib/libnio.dylib
0x000000012af42000 	/Library/Java/JavaVirtualMachines/jdk1.8.0_151.jdk/Contents/Home/jre/lib/./libnet.dylib
0x000000011f24f000 	/Library/Java/JavaVirtualMachines/jdk1.8.0_151.jdk/Contents/Home/jre/lib/libsunec.dylib
0x0000000165296000 	/Library/Java/JavaVirtualMachines/jdk1.8.0_151.jdk/Contents/Home/jre/lib/libdcpr.dylib
0x00000001652c4000 	/Library/Java/JavaVirtualMachines/jdk1.8.0_151.jdk/Contents/Home/jre/lib/libt2k.dylib

VM Arguments:
jvm_args: -Dappdir=/Users/kayaba/IdeaProjects/bang-game/ -Dno_unpack_resources=true -Dbang.home=/Users/kayaba/IdeaProjects/bang-game -Dresource_dir=/Users/kayaba/IdeaProjects/bang-game/assets/build/staging/rsrc -Drsrc_cache_dir=/tmp -Dno_log_redir=true -Xmx128M 
java_command: com.threerings.bang.bang.client.BangDesktop
java_class_path (initial): /Users/kayaba/IdeaProjects/bang-game/assets/build/staging:/Users/kayaba/IdeaProjects/bang-game/build/client/NitroNet-1.0.jar:/Users/kayaba/IdeaProjects/bang-game/build/client/TwitchAPI-1.0.jar:/Users/kayaba/IdeaProjects/bang-game/build/client/activation-1.1.1.jar:/Users/kayaba/IdeaProjects/bang-game/build/client/aopalliance-1.0.jar:/Users/kayaba/IdeaProjects/bang-game/build/client/app-1.1-SNAPSHOT.jar:/Users/kayaba/IdeaProjects/bang-game/build/client/asm-3.1.jar:/Users/kayaba/IdeaProjects/bang-game/build/client/bui-1.1-SNAPSHOT.jar:/Users/kayaba/IdeaProjects/bang-game/build/client/c3p0-0.9.1.1.jar:/Users/kayaba/IdeaProjects/bang-game/build/client/cglib-2.2.1-v20090111.jar:/Users/kayaba/IdeaProjects/bang-game/build/client/commons-io-1.4.jar:/Users/kayaba/IdeaProjects/bang-game/build/client/gdx-1.5.4.jar:/Users/kayaba/IdeaProjects/bang-game/build/client/gdx-backend-lwjgl-1.5.4.jar:/Users/kayaba/IdeaProjects/bang-game/build/client/gdx-platform-1.5.4-natives-desktop.jar:/Users/kayaba/IdeaProjects/bang-game/build/client/getdown-1.4.jar:/Users/kayaba/IdeaProjects/bang-game/build/client/guava-18.0.jar:/Users/kayaba/IdeaProjects/bang-game/build/client/guice-3.0.jar:/Users/kayaba/IdeaProjects/bang-game/build/client/javax.inject-1.jar:/Users/kayaba/IdeaProjects/bang-game/build/client/jinput-2.0.5.jar:/Users/kayaba/IdeaProjects/bang-game/build/client/jinput-platform-2.0.5-natives-linux.jar:/Users/kayaba/IdeaProjects/bang-game/build/client/jinput-platform-2.0.5-natives-osx.jar:/Users/kayaba/IdeaProjects/bang-game/build/client/jinput-platform-2.0.5-natives-windows.jar:/Users/kayaba/IdeaProjects/bang-game/build/client/jlayer-1.0.1-gdx.jar:/Users/kayaba/IdeaProjects/bang-game/build/client/jme-1.1-SNAPSHOT.jar:/Users/kayaba/IdeaProjects/bang-game/build/client/jorbis-0.0.17.jar:/Users/kayaba/IdeaProjects/bang-game/build/client/jsr250-api-1.0.jar:/Users/kayaba/IdeaProjects/bang-game/build/client/jutils-1.0.0.jar:/Users/kayaba/IdeaProjects/bang-game/build/
Launcher Type: SUN_STANDARD

Environment Variables:
PATH=/usr/local/bin:/usr/bin:/bin:/usr/sbin:/sbin:/opt/X11/bin:/Applications/VMware Fusion.app/Contents/Public:/Library/Frameworks/Mono.framework/Versions/Current/Commands
SHELL=/bin/bash
DISPLAY=/private/tmp/com.apple.launchd.kIkn4fdX7F/org.macosforge.xquartz:0

Signal Handlers:
SIGSEGV: [libjvm.dylib+0x5b27a5], sa_mask[0]=11111111011111110111111111111111, sa_flags=SA_ONSTACK|SA_RESTART|SA_SIGINFO
SIGBUS: [libjvm.dylib+0x5b27a5], sa_mask[0]=11111111011111110111111111111111, sa_flags=SA_RESTART|SA_SIGINFO
SIGFPE: [libjvm.dylib+0x4891c4], sa_mask[0]=11111111011111110111111111111111, sa_flags=SA_RESTART|SA_SIGINFO
SIGPIPE: [libjvm.dylib+0x4891c4], sa_mask[0]=11111111011111110111111111111111, sa_flags=SA_RESTART|SA_SIGINFO
SIGXFSZ: [libjvm.dylib+0x4891c4], sa_mask[0]=11111111011111110111111111111111, sa_flags=SA_RESTART|SA_SIGINFO
SIGILL: [libjvm.dylib+0x4891c4], sa_mask[0]=11111111011111110111111111111111, sa_flags=SA_RESTART|SA_SIGINFO
SIGUSR1: SIG_DFL, sa_mask[0]=11011111011111100000000111000110, sa_flags=none
SIGUSR2: [libjvm.dylib+0x488ce2], sa_mask[0]=00000000000000000000000000000000, sa_flags=SA_RESTART|SA_SIGINFO
SIGHUP: [libjvm.dylib+0x4872b9], sa_mask[0]=11111111011111110111111111111111, sa_flags=SA_RESTART|SA_SIGINFO
SIGINT: [libjvm.dylib+0x4872b9], sa_mask[0]=11111111011111110111111111111111, sa_flags=SA_RESTART|SA_SIGINFO
SIGTERM: [libjvm.dylib+0x4872b9], sa_mask[0]=11111111011111110111111111111111, sa_flags=SA_RESTART|SA_SIGINFO
SIGQUIT: 