#
# A fatal error has been detected by the Java Runtime Environment:
#
#  SIGSEGV (0xb) at pc=0x0000000000000000, pid=31143, tid=0x000000000001f617
#
# JRE version: Java(TM) SE Runtime Environment (8.0_151-b12) (build 1.8.0_151-b12)
# Java VM: Java HotSpot(TM) 64-Bit Server VM (25.151-b12 mixed mode bsd-amd64 compressed oops)
# Problematic frame:
# C  0x0000000000000000
#
# Failed to write core dump. Core dumps have been disabled. To enable core dumping, try "ulimit -c unlimited" before starting Java again
#
# If you would like to submit a bug report, please visit:
#   http://bugreport.java.com/bugreport/crash.jsp
#

---------------  T H R E A D  ---------------

Current thread is native thread

siginfo: si_signo: 11 (SIGSEGV), si_code: 1 (SEGV_MAPERR), si_addr: 0x0000000000000000

Registers:
RAX=0x000000012b6ee508, RBX=0x00000000000161b0, RCX=0x0000000000000010, RDX=0xfffffffffffffff0
RSP=0x000070000cf879f8, RBP=0x000070000cf87aa0, RSI=0x0000000000000000, RDI=0x00007fea723dc000
R8 =0x0000000000000200, R9 =0x00007fea71eb2d70, R10=0x00007fea72990c30, R11=0x00000000000592e0
R12=0x00007fea71eb2d70, R13=0x00007fea723dc000, R14=0x00007fea71e59a90, R15=0x0000000000000800
RIP=0x0000000000000000, EFLAGS=0x0000000000010246, ERR=0x0000000000000014
  TRAPNO=0x000000000000000e

Top of Stack: (sp=0x000070000cf879f8)
0x000070000cf879f8:   000000012b6c0639 0000000000000000
0x000070000cf87a08:   0000000000000000 00007fea723e41b0
0x000070000cf87a18:   000000012ba69010 00007fea723e21b0
0x000070000cf87a28:   0000020008d3c400 0000000000000004
0x000070000cf87a38:   0000000000000800 0000700000000200
0x000070000cf87a48:   00007fea723e01b0 00007fea723dc000
0x000070000cf87a58:   0000020000000000 ff80000000001001
0x000070000cf87a68:   000000010000037f e1ef19dd972200a8
0x000070000cf87a78:   00007fea71cc02d8 00007fea71eb2d70
0x000070000cf87a88:   00007fea71cc0260 00007fea71e59a90
0x000070000cf87a98:   0000000000000200 000070000cf87ab0
0x000070000cf87aa8:   000000012b6d02ef 000070000cf87b30
0x000070000cf87ab8:   000000012b720a10 00007fea71cbf958
0x000070000cf87ac8:   00007fea72990a00 00007fea71cc0260
0x000070000cf87ad8:   0000020000000000 000070000cf87c50
0x000070000cf87ae8:   00007fea72990bf8 0000020000000001
0x000070000cf87af8:   000070000cf87c38 0000700000000000
0x000070000cf87b08:   000070000cf87c38 00007fea72990a00
0x000070000cf87b18:   00007fea71cbf8e0 00007fea71da4df0
0x000070000cf87b28:   0000000000000200 000070000cf87b80
0x000070000cf87b38:   000000012b84a454 00007fea71ccda90
0x000070000cf87b48:   000070000cf87c50 000000000cf87c20
0x000070000cf87b58:   00007fea72990a00 0000000000000000
0x000070000cf87b68:   0000000000001fa0 00007fea71da4e0c
0x000070000cf87b78:   00007fea72990a00 000070000cf87c10
0x000070000cf87b88:   000000012b849b2a 00007fea71da4df0
0x000070000cf87b98:   000000012b849a30 00007fea72990ce8
0x000070000cf87ba8:   000070000cf87c38 00007fea72990a00
0x000070000cf87bb8:   00007fea71cbf8e0 000070000cf87c50
0x000070000cf87bc8:   00007fea71da4df0 0000020072990ce8
0x000070000cf87bd8:   00009fe000001fa0 e1ef19dd972200a8
0x000070000cf87be8:   00007fea72990a00 00007fea71d090a0 

Instructions: (pc=0x0000000000000000)
0xffffffffffffffe0:   

Register to memory mapping:

RAX=0x000000012b6ee508: PlaybackBackend+0x20 in /Volumes/DATA/IdeaProjects/bang-game/bin/.temp/f7649394/openal.dylib at 0x000000012b6a5000
RBX=0x00000000000161b0 is an unknown value
RCX=0x0000000000000010 is an unknown value
RDX=0xfffffffffffffff0 is an unknown value
RSP=0x000070000cf879f8 is an unknown value
RBP=0x000070000cf87aa0 is an unknown value
RSI=0x0000000000000000 is an unknown value
RDI=0x00007fea723dc000 is an unknown value
R8 =0x0000000000000200 is an unknown value
R9 =0x00007fea71eb2d70 is an unknown value
R10=0x00007fea72990c30 is an unknown value
R11=0x00000000000592e0 is an unknown value
R12=0x00007fea71eb2d70 is an unknown value
R13=0x00007fea723dc000 is an unknown value
R14=0x00007fea71e59a90 is an unknown value
R15=0x0000000000000800 is an unknown value


Stack: [0x000070000cf08000,0x000070000cf88000],  sp=0x000070000cf879f8,  free space=510k

---------------  P R O C E S S  ---------------

VM state:at safepoint (shutting down)

VM Mutex/Monitor currently owned by a thread:  ([mutex/lock_event])
[0x00007fea71e03030] Threads_lock - owner thread: 0x00007fea73058000

Heap:
 PSYoungGen      total 38400K, used 28009K [0x00000007bd580000, 0x00000007c0000000, 0x00000007c0000000)
  eden space 33280K, 84% used [0x00000007bd580000,0x00000007bf0da6e8,0x00000007bf600000)
  from space 5120K, 0% used [0x00000007bfb00000,0x00000007bfb00000,0x00000007c0000000)
  to   space 5120K, 0% used [0x00000007bf600000,0x00000007bf600000,0x00000007bfb00000)
 ParOldGen       total 87552K, used 0K [0x00000007b8000000, 0x00000007bd580000, 0x00000007bd580000)
  object space 87552K, 0% used [0x00000007b8000000,0x00000007b8000000,0x00000007bd580000)
 Metaspace       used 12356K, capacity 12501K, committed 12800K, reserved 1060864K
  class space    used 1395K, capacity 1469K, committed 1536K, reserved 1048576K

Card table byte_map: [0x000000010a967000,0x000000010a9a8000] byte_map_base: 0x0000000106ba7000

Marking Bits: (ParMarkBitMap*) 0x0000000109ef35d0
 Begin Bits: [0x000000010a9d3000, 0x000000010abd3000)
 End Bits:   [0x000000010abd3000, 0x000000010add3000)

Polling page: 0x0000000108d98000

CodeCache: size=245760Kb used=2955Kb max_used=2973Kb free=242804Kb
 bounds [0x000000010c9a1000, 0x000000010cc91000, 0x000000011b9a1000]
 total_blobs=1259 nmethods=723 adapters=450
 compilation: enabled

Compilation events (10 events):
Event: 23.005 Thread 0x00007fea72806800  728       3       sun.nio.cs.StreamEncoder::implFlushBuffer (15 bytes)
Event: 23.006 Thread 0x00007fea72806800 nmethod 728 0x000000010caae3d0 code [0x000000010caae540, 0x000000010caae7a8]
Event: 23.006 Thread 0x00007fea72806800  729       3       sun.nio.cs.StreamEncoder::implWrite (156 bytes)
Event: 23.006 Thread 0x00007fea72806800 nmethod 729 0x000000010cc839d0 code [0x000000010cc83c40, 0x000000010cc84ae8]
Event: 23.006 Thread 0x00007fea72806800  730       3       java.io.BufferedWriter::min (9 bytes)
Event: 23.006 Thread 0x00007fea72806800 nmethod 730 0x000000010cab7cd0 code [0x000000010cab7e40, 0x000000010cab7fd0]
Event: 23.108 Thread 0x00007fea72806800  731       3       java.util.jar.Manifest$FastInputStream::readLine (167 bytes)
Event: 23.108 Thread 0x00007fea72806800 nmethod 731 0x000000010cc82f50 code [0x000000010cc83100, 0x000000010cc836d8]
Event: 23.576 Thread 0x00007fea72806800  732       1       java.util.logging.Logger::getName (5 bytes)
Event: 23.576 Thread 0x00007fea72806800 nmethod 732 0x000000010cab7a10 code [0x000000010cab7b60, 0x000000010cab7c70]

GC Heap History (0 events):
No events

Deoptimization events (0 events):
No events

Internal exceptions (10 events):
Event: 18.270 Thread 0x00007fea739e3000 Exception <a 'java/io/FileNotFoundException'> (0x00000007be40f8b8) thrown at [/Users/java_re/workspace/8-2-build-macosx-x86_64/jdk8u151/9699/hotspot/src/share/vm/prims/jni.cpp, line 709]
Event: 20.919 Thread 0x00007fea739e3000 Exception <a 'sun/nio/fs/UnixException'> (0x00000007be7dc9e8) thrown at [/Users/java_re/workspace/8-2-build-macosx-x86_64/jdk8u151/9699/hotspot/src/share/vm/prims/jni.cpp, line 709]
Event: 20.935 Thread 0x00007fea739e3000 Exception <a 'java/lang/NullPointerException'> (0x00000007be7e9c78) thrown at [/Users/java_re/workspace/8-2-build-macosx-x86_64/jdk8u151/9699/hotspot/src/share/vm/interpreter/linkResolver.cpp, line 1183]
Event: 21.250 Thread 0x00007fea739e3000 Exception <a 'sun/nio/fs/UnixException'> (0x00000007be839a68) thrown at [/Users/java_re/workspace/8-2-build-macosx-x86_64/jdk8u151/9699/hotspot/src/share/vm/prims/jni.cpp, line 709]
Event: 21.256 Thread 0x00007fea739e3000 Exception <a 'java/lang/NullPointerException'> (0x00000007be846938) thrown at [/Users/java_re/workspace/8-2-build-macosx-x86_64/jdk8u151/9699/hotspot/src/share/vm/interpreter/linkResolver.cpp, line 1183]
Event: 22.197 Thread 0x00007fea739e3000 Exception <a 'sun/nio/fs/UnixException'> (0x00000007be8ae4b8) thrown at [/Users/java_re/workspace/8-2-build-macosx-x86_64/jdk8u151/9699/hotspot/src/share/vm/prims/jni.cpp, line 709]
Event: 22.201 Thread 0x00007fea739e3000 Exception <a 'java/lang/NullPointerException'> (0x00000007be8babb0) thrown at [/Users/java_re/workspace/8-2-build-macosx-x86_64/jdk8u151/9699/hotspot/src/share/vm/interpreter/linkResolver.cpp, line 1183]
Event: 23.003 Thread 0x00007fea739e3000 Exception <a 'sun/nio/fs/UnixException'> (0x00000007bef133f8) thrown at [/Users/java_re/workspace/8-2-build-macosx-x86_64/jdk8u151/9699/hotspot/src/share/vm/prims/jni.cpp, line 709]
Event: 23.006 Thread 0x00007fea739e3000 Exception <a 'java/lang/NullPointerException'> (0x00000007bef1f5d0) thrown at [/Users/java_re/workspace/8-2-build-macosx-x86_64/jdk8u151/9699/hotspot/src/share/vm/interpreter/linkResolver.cpp, line 1183]
Event: 23.571 Thread 0x00007fea739e3000 Exception <a 'java/io/FileNotFoundException'> (0x00000007bef43a58) thrown at [/Users/java_re/workspace/8-2-build-macosx-x86_64/jdk8u151/9699/hotspot/src/share/vm/prims/jni.cpp, line 709]

Events (10 events):
Event: 23.576 Executing VM operation: RevokeBias done
Event: 23.577 Executing VM operation: RevokeBias
Event: 23.577 Executing VM operation: RevokeBias done
Event: 23.578 Executing VM operation: RevokeBias
Event: 23.578 Executing VM operation: RevokeBias done
Event: 23.580 Executing VM operation: RevokeBias
Event: 23.580 Executing VM operation: RevokeBias done
Event: 23.795 Thread 0x00007fea738a5000 Thread exited: 0x00007fea738a5000
Event: 23.795 Thread 0x00007fea7302f800 Thread exited: 0x00007fea7302f800
Event: 23.795 Executing VM operation: Exit


Dynamic libraries:
0x000000002c04d000 	/System/Library/Frameworks/Cocoa.framework/Versions/A/Cocoa
0x000000002c04d000 	/System/Library/Frameworks/Security.framework/Versions/A/Security
0x000000002c04d000 	/System/Library/Frameworks/ApplicationServices.framework/Versions/A/ApplicationServices
0x000000002c04d000 	/usr/lib/libz.1.dylib
0x000000002c04d000 	/usr/lib/libSystem.B.dylib
0x000000002c04d000 	/usr/lib/libobjc.A.dylib
0x000000002c04d000 	/System/Library/Frameworks/CoreFoundation.framework/Versions/A/CoreFoundation
0x000000002c04d000 	/System/Library/Frameworks/Foundation.framework/Versions/C/Foundation
0x000000002c04d000 	/System/Library/Frameworks/AppKit.framework/Versions/C/AppKit
0x000000002c04d000 	/System/Library/Frameworks/CoreData.framework/Versions/A/CoreData
0x000000002c04d000 	/System/Library/PrivateFrameworks/RemoteViewServices.framework/Versions/A/RemoteViewServices
0x000000002c04d000 	/System/Library/PrivateFrameworks/UIFoundation.framework/Versions/A/UIFoundation
0x000000002c04d000 	/System/Library/PrivateFrameworks/DFRFoundation.framework/Versions/A/DFRFoundation
0x000000002c04d000 	/System/Library/Frameworks/Metal.framework/Versions/A/Metal
0x000000002c04d000 	/System/Library/PrivateFrameworks/DesktopServicesPriv.framework/Versions/A/DesktopServicesPriv
0x000000002c04d000 	/usr/lib/libenergytrace.dylib
0x000000002c04d000 	/System/Library/PrivateFrameworks/SkyLight.framework/Versions/A/SkyLight
0x000000002c04d000 	/System/Library/Frameworks/CoreGraphics.framework/Versions/A/CoreGraphics
0x000000002c04d000 	/usr/lib/libScreenReader.dylib
0x000000002c04d000 	/System/Library/Frameworks/Accelerate.framework/Versions/A/Accelerate
0x000000002c04d000 	/System/Library/Frameworks/IOSurface.framework/Versions/A/IOSurface
0x000000002c04d000 	/System/Library/Frameworks/AudioToolbox.framework/Versions/A/AudioToolbox
0x000000002c04d000 	/System/Library/Frameworks/AudioUnit.framework/Versions/A/AudioUnit
0x000000002c04d000 	/System/Library/PrivateFrameworks/DataDetectorsCore.framework/Versions/A/DataDetectorsCore
0x000000002c04d000 	/System/Library/Frameworks/Carbon.framework/Versions/A/Frameworks/HIToolbox.framework/Versions/A/HIToolbox
0x000000002c04d000 	/usr/lib/libicucore.A.dylib
0x000000002c04d000 	/System/Library/Frameworks/QuartzCore.framework/Versions/A/QuartzCore
0x000000002c04d000 	/System/Library/Frameworks/Carbon.framework/Versions/A/Frameworks/SpeechRecognition.framework/Versions/A/SpeechRecognition
0x000000002c04d000 	/usr/lib/libauto.dylib
0x000000002c04d000 	/usr/lib/libxml2.2.dylib
0x000000002c04d000 	/System/Library/PrivateFrameworks/CoreUI.framework/Versions/A/CoreUI
0x000000002c04d000 	/System/Library/Frameworks/CoreAudio.framework/Versions/A/CoreAudio
0x000000002c04d000 	/System/Library/Frameworks/DiskArbitration.framework/Versions/A/DiskArbitration
0x000000002c04d000 	/usr/lib/liblangid.dylib
0x000000002c04d000 	/System/Library/PrivateFrameworks/MultitouchSupport.framework/Versions/A/MultitouchSupport
0x000000002c04d000 	/System/Library/Frameworks/IOKit.framework/Versions/A/IOKit
0x000000002c04d000 	/usr/lib/libDiagnosticMessagesClient.dylib
0x000000002c04d000 	/System/Library/Frameworks/CoreServices.framework/Versions/A/CoreServices
0x000000002c04d000 	/System/Library/PrivateFrameworks/PerformanceAnalysis.framework/Versions/A/PerformanceAnalysis
0x000000002c04d000 	/System/Library/Frameworks/OpenGL.framework/Versions/A/OpenGL
0x000000002c04d000 	/System/Library/Frameworks/ColorSync.framework/Versions/A/ColorSync
0x000000002c04d000 	/System/Library/Frameworks/CoreImage.framework/Versions/A/CoreImage
0x000000002c04d000 	/System/Library/Frameworks/CoreText.framework/Versions/A/CoreText
0x000000002c04d000 	/System/Library/Frameworks/ImageIO.framework/Versions/A/ImageIO
0x000000002c04d000 	/System/Library/PrivateFrameworks/Backup.framework/Versions/A/Backup
0x000000002c04d000 	/usr/lib/libarchive.2.dylib
0x000000002c04d000 	/System/Library/Frameworks/CFNetwork.framework/Versions/A/CFNetwork
0x000000002c04d000 	/System/Library/Frameworks/SystemConfiguration.framework/Versions/A/SystemConfiguration
0x000000002c04d000 	/usr/lib/libCRFSuite.dylib
0x000000002c04d000 	/usr/lib/libc++.1.dylib
0x000000002c04d000 	/usr/lib/libc++abi.dylib
0x000000002c04d000 	/usr/lib/system/libcache.dylib
0x000000002c04d000 	/usr/lib/system/libcommonCrypto.dylib
0x000000002c04d000 	/usr/lib/system/libcompiler_rt.dylib
0x000000002c04d000 	/usr/lib/system/libcopyfile.dylib
0x000000002c04d000 	/usr/lib/system/libcorecrypto.dylib
0x000000002c04d000 	/usr/lib/system/libdispatch.dylib
0x000000002c04d000 	/usr/lib/system/libdyld.dylib
0x000000002c04d000 	/usr/lib/system/libkeymgr.dylib
0x000000002c04d000 	/usr/lib/system/liblaunch.dylib
0x000000002c04d000 	/usr/lib/system/libmacho.dylib
0x000000002c04d000 	/usr/lib/system/libquarantine.dylib
0x000000002c04d000 	/usr/lib/system/libremovefile.dylib
0x000000002c04d000 	/usr/lib/system/libsystem_asl.dylib
0x000000002c04d000 	/usr/lib/system/libsystem_blocks.dylib
0x000000002c04d000 	/usr/lib/system/libsystem_c.dylib
0x000000002c04d000 	/usr/lib/system/libsystem_configuration.dylib
0x000000002c04d000 	/usr/lib/system/libsystem_coreservices.dylib
0x000000002c04d000 	/usr/lib/system/libsystem_darwin.dylib
0x000000002c04d000 	/usr/lib/system/libsystem_dnssd.dylib
0x000000002c04d000 	/usr/lib/system/libsystem_info.dylib
0x000000002c04d000 	/usr/lib/system/libsystem_m.dylib
0x000000002c04d000 	/usr/lib/system/libsystem_malloc.dylib
0x000000002c04d000 	/usr/lib/system/libsystem_network.dylib
0x000000002c04d000 	/usr/lib/system/libsystem_networkextension.dylib
0x000000002c04d000 	/usr/lib/system/libsystem_notify.dylib
0x000000002c04d000 	/usr/lib/system/libsystem_sandbox.dylib
0x000000002c04d000 	/usr/lib/system/libsystem_secinit.dylib
0x000000002c04d000 	/usr/lib/system/libsystem_kernel.dylib
0x000000002c04d000 	/usr/lib/system/libsystem_platform.dylib
0x000000002c04d000 	/usr/lib/system/libsystem_pthread.dylib
0x000000002c04d000 	/usr/lib/system/libsystem_symptoms.dylib
0x000000002c04d000 	/usr/lib/system/libsystem_trace.dylib
0x000000002c04d000 	/usr/lib/system/libunwind.dylib
0x000000002c04d000 	/usr/lib/system/libxpc.dylib
0x000000002c04d000 	/usr/lib/closure/libclosured.dylib
0x000000002c04d000 	/usr/lib/libbsm.0.dylib
0x000000002c04d000 	/usr/lib/system/libkxld.dylib
0x000000002c04d000 	/usr/lib/libOpenScriptingUtil.dylib
0x000000002c04d000 	/usr/lib/libcoretls.dylib
0x000000002c04d000 	/usr/lib/libcoretls_cfhelpers.dylib
0x000000002c04d000 	/usr/lib/libpam.2.dylib
0x000000002c04d000 	/usr/lib/libsqlite3.dylib
0x000000002c04d000 	/usr/lib/libxar.1.dylib
0x000000002c04d000 	/usr/lib/libbz2.1.0.dylib
0x000000002c04d000 	/usr/lib/liblzma.5.dylib
0x000000002c04d000 	/usr/lib/libnetwork.dylib
0x000000002c04d000 	/usr/lib/libapple_nghttp2.dylib
0x000000002c04d000 	/usr/lib/libpcap.A.dylib
0x000000002c04d000 	/usr/lib/libboringssl.dylib
0x000000002c04d000 	/usr/lib/libusrtcp.dylib
0x000000002c04d000 	/usr/lib/libapple_crypto.dylib
0x000000002c04d000 	/System/Library/Frameworks/CoreServices.framework/Versions/A/Frameworks/FSEvents.framework/Versions/A/FSEvents
0x000000002c04d000 	/System/Library/Frameworks/CoreServices.framework/Versions/A/Frameworks/CarbonCore.framework/Versions/A/CarbonCore
0x000000002c04d000 	/System/Library/Frameworks/CoreServices.framework/Versions/A/Frameworks/Metadata.framework/Versions/A/Metadata
0x000000002c04d000 	/System/Library/Frameworks/CoreServices.framework/Versions/A/Frameworks/OSServices.framework/Versions/A/OSServices
0x000000002c04d000 	/System/Library/Frameworks/CoreServices.framework/Versions/A/Frameworks/SearchKit.framework/Versions/A/SearchKit
0x000000002c04d000 	/System/Library/Frameworks/CoreServices.framework/Versions/A/Frameworks/AE.framework/Versions/A/AE
0x000000002c04d000 	/System/Library/Frameworks/CoreServices.framework/Versions/A/Frameworks/LaunchServices.framework/Versions/A/LaunchServices
0x000000002c04d000 	/System/Library/Frameworks/CoreServices.framework/Versions/A/Frameworks/DictionaryServices.framework/Versions/A/DictionaryServices
0x000000002c04d000 	/System/Library/Frameworks/CoreServices.framework/Versions/A/Frameworks/SharedFileList.framework/Versions/A/SharedFileList
0x000000002c04d000 	/System/Library/Frameworks/NetFS.framework/Versions/A/NetFS
0x000000002c04d000 	/System/Library/PrivateFrameworks/NetAuth.framework/Versions/A/NetAuth
0x000000002c04d000 	/System/Library/PrivateFrameworks/login.framework/Versions/A/Frameworks/loginsupport.framework/Versions/A/loginsupport
0x000000002c04d000 	/System/Library/PrivateFrameworks/TCC.framework/Versions/A/TCC
0x000000002c04d000 	/usr/lib/libmecabra.dylib
0x000000002c04d000 	/System/Library/Frameworks/ApplicationServices.framework/Versions/A/Frameworks/ATS.framework/Versions/A/ATS
0x000000002c04d000 	/System/Library/Frameworks/ApplicationServices.framework/Versions/A/Frameworks/ColorSyncLegacy.framework/Versions/A/ColorSyncLegacy
0x000000002c04d000 	/System/Library/Frameworks/ApplicationServices.framework/Versions/A/Frameworks/HIServices.framework/Versions/A/HIServices
0x000000002c04d000 	/System/Library/Frameworks/ApplicationServices.framework/Versions/A/Frameworks/LangAnalysis.framework/Versions/A/LangAnalysis
0x000000002c04d000 	/System/Library/Frameworks/ApplicationServices.framework/Versions/A/Frameworks/PrintCore.framework/Versions/A/PrintCore
0x000000002c04d000 	/System/Library/Frameworks/ApplicationServices.framework/Versions/A/Frameworks/QD.framework/Versions/A/QD
0x000000002c04d000 	/System/Library/Frameworks/ApplicationServices.framework/Versions/A/Frameworks/SpeechSynthesis.framework/Versions/A/SpeechSynthesis
0x000000002c04d000 	/System/Library/Frameworks/CoreDisplay.framework/Versions/A/CoreDisplay
0x000000002c04d000 	/System/Library/Frameworks/Accelerate.framework/Versions/A/Frameworks/vImage.framework/Versions/A/vImage
0x000000002c04d000 	/System/Library/Frameworks/Accelerate.framework/Versions/A/Frameworks/vecLib.framework/Versions/A/vecLib
0x000000002c04d000 	/System/Library/Frameworks/Accelerate.framework/Versions/A/Frameworks/vecLib.framework/Versions/A/libvDSP.dylib
0x000000002c04d000 	/System/Library/Frameworks/Accelerate.framework/Versions/A/Frameworks/vecLib.framework/Versions/A/libBNNS.dylib
0x000000002c04d000 	/System/Library/Frameworks/Accelerate.framework/Versions/A/Frameworks/vecLib.framework/Versions/A/libQuadrature.dylib
0x000000002c04d000 	/System/Library/Frameworks/Accelerate.framework/Versions/A/Frameworks/vecLib.framework/Versions/A/libvMisc.dylib
0x000000002c04d000 	/System/Library/Frameworks/Accelerate.framework/Versions/A/Frameworks/vecLib.framework/Versions/A/libLAPACK.dylib
0x000000002c04d000 	/System/Library/Frameworks/Accelerate.framework/Versions/A/Frameworks/vecLib.framework/Versions/A/libBLAS.dylib
0x000000002c04d000 	/System/Library/Frameworks/Accelerate.framework/Versions/A/Frameworks/vecLib.framework/Versions/A/libLinearAlgebra.dylib
0x000000002c04d000 	/System/Library/Frameworks/Accelerate.framework/Versions/A/Frameworks/vecLib.framework/Versions/A/libSparse.dylib
0x000000002c04d000 	/System/Library/Frameworks/Accelerate.framework/Versions/A/Frameworks/vecLib.framework/Versions/A/libSparseBLAS.dylib
0x000000002c04d000 	/System/Library/PrivateFrameworks/IOAccelerator.framework/Versions/A/IOAccelerator
0x000000002c04d000 	/System/Library/PrivateFrameworks/IOPresentment.framework/Versions/A/IOPresentment
0x000000002c04d000 	/System/Library/PrivateFrameworks/DSExternalDisplay.framework/Versions/A/DSExternalDisplay
0x000000002c04d000 	/System/Library/Frameworks/OpenGL.framework/Versions/A/Libraries/libCoreFSCache.dylib
0x000000002c04d000 	/System/Library/Frameworks/CoreVideo.framework/Versions/A/CoreVideo
0x000000002c04d000 	/System/Library/PrivateFrameworks/GraphVisualizer.framework/Versions/A/GraphVisualizer
0x000000002c04d000 	/System/Library/Frameworks/MetalPerformanceShaders.framework/Versions/A/MetalPerformanceShaders
0x000000002c04d000 	/usr/lib/libFosl_dynamic.dylib
0x000000002c04d000 	/System/Library/PrivateFrameworks/FaceCore.framework/Versions/A/FaceCore
0x000000002c04d000 	/System/Library/Frameworks/OpenCL.framework/Versions/A/OpenCL
0x000000002c04d000 	/usr/lib/libcompression.dylib
0x000000002c04d000 	/System/Library/Frameworks/ApplicationServices.framework/Versions/A/Frameworks/ATS.framework/Versions/A/Resources/libFontParser.dylib
0x000000002c04d000 	/System/Library/Frameworks/ApplicationServices.framework/Versions/A/Frameworks/ATS.framework/Versions/A/Resources/libFontRegistry.dylib
0x000000002c04d000 	/System/Library/Frameworks/ImageIO.framework/Versions/A/Resources/libJPEG.dylib
0x000000002c04d000 	/System/Library/Frameworks/ImageIO.framework/Versions/A/Resources/libTIFF.dylib
0x000000002c04d000 	/System/Library/Frameworks/ImageIO.framework/Versions/A/Resources/libPng.dylib
0x000000002c04d000 	/System/Library/Frameworks/ImageIO.framework/Versions/A/Resources/libGIF.dylib
0x000000002c04d000 	/System/Library/Frameworks/ImageIO.framework/Versions/A/Resources/libJP2.dylib
0x000000002c04d000 	/System/Library/Frameworks/ImageIO.framework/Versions/A/Resources/libRadiance.dylib
0x000000002c04d000 	/System/Library/PrivateFrameworks/AppleJPEG.framework/Versions/A/AppleJPEG
0x000000002c04d000 	/System/Library/PrivateFrameworks/MetalTools.framework/Versions/A/MetalTools
0x000000002c04d000 	/System/Library/Frameworks/MetalPerformanceShaders.framework/Frameworks/MPSCore.framework/Versions/A/MPSCore
0x000000002c04d000 	/System/Library/Frameworks/MetalPerformanceShaders.framework/Frameworks/MPSImage.framework/Versions/A/MPSImage
0x000000002c04d000 	/System/Library/Frameworks/MetalPerformanceShaders.framework/Frameworks/MPSMatrix.framework/Versions/A/MPSMatrix
0x000000002c04d000 	/System/Library/Frameworks/MetalPerformanceShaders.framework/Frameworks/MPSNeuralNetwork.framework/Versions/A/MPSNeuralNetwork
0x000000002c04d000 	/System/Library/Frameworks/OpenGL.framework/Versions/A/Libraries/libGLU.dylib
0x000000002c04d000 	/System/Library/Frameworks/OpenGL.framework/Versions/A/Libraries/libGFXShared.dylib
0x000000002c04d000 	/System/Library/Frameworks/OpenGL.framework/Versions/A/Libraries/libGL.dylib
0x000000002c04d000 	/System/Library/Frameworks/OpenGL.framework/Versions/A/Libraries/libGLImage.dylib
0x000000002c04d000 	/System/Library/Frameworks/OpenGL.framework/Versions/A/Libraries/libCVMSPluginSupport.dylib
0x000000002c04d000 	/System/Library/Frameworks/OpenGL.framework/Versions/A/Libraries/libCoreVMClient.dylib
0x000000002c04d000 	/usr/lib/libcups.2.dylib
0x000000002c04d000 	/System/Library/Frameworks/Kerberos.framework/Versions/A/Kerberos
0x000000002c04d000 	/System/Library/Frameworks/GSS.framework/Versions/A/GSS
0x000000002c04d000 	/usr/lib/libresolv.9.dylib
0x000000002c04d000 	/usr/lib/libiconv.2.dylib
0x000000002c04d000 	/System/Library/PrivateFrameworks/Heimdal.framework/Versions/A/Heimdal
0x000000002c04d000 	/usr/lib/libheimdal-asn1.dylib
0x000000002c04d000 	/System/Library/Frameworks/OpenDirectory.framework/Versions/A/OpenDirectory
0x000000002c04d000 	/System/Library/PrivateFrameworks/CommonAuth.framework/Versions/A/CommonAuth
0x000000002c04d000 	/System/Library/Frameworks/OpenDirectory.framework/Versions/A/Frameworks/CFOpenDirectory.framework/Versions/A/CFOpenDirectory
0x000000002c04d000 	/System/Library/Frameworks/SecurityFoundation.framework/Versions/A/SecurityFoundation
0x000000002c04d000 	/System/Library/PrivateFrameworks/APFS.framework/Versions/A/APFS
0x000000002c04d000 	/usr/lib/libutil.dylib
0x000000002c04d000 	/System/Library/PrivateFrameworks/AppleSauce.framework/Versions/A/AppleSauce
0x000000002c04d000 	/System/Library/PrivateFrameworks/LinguisticData.framework/Versions/A/LinguisticData
0x000000002c04d000 	/usr/lib/libmarisa.dylib
0x000000002c04d000 	/System/Library/PrivateFrameworks/Lexicon.framework/Versions/A/Lexicon
0x000000002c04d000 	/usr/lib/libChineseTokenizer.dylib
0x000000002c04d000 	/usr/lib/libcmph.dylib
0x000000002c04d000 	/System/Library/PrivateFrameworks/LanguageModeling.framework/Versions/A/LanguageModeling
0x000000002c04d000 	/System/Library/PrivateFrameworks/CoreEmoji.framework/Versions/A/CoreEmoji
0x000000002c04d000 	/System/Library/Frameworks/ServiceManagement.framework/Versions/A/ServiceManagement
0x000000002c04d000 	/System/Library/PrivateFrameworks/BackgroundTaskManagement.framework/Versions/A/BackgroundTaskManagement
0x000000002c04d000 	/usr/lib/libxslt.1.dylib
0x000000002c04d000 	/System/Library/Frameworks/Carbon.framework/Versions/A/Frameworks/Ink.framework/Versions/A/Ink
0x000000002c04d000 	/System/Library/PrivateFrameworks/TextureIO.framework/Versions/A/TextureIO
0x000000002c04d000 	/usr/lib/libate.dylib
0x000000002c04d000 	/System/Library/PrivateFrameworks/CrashReporterSupport.framework/Versions/A/CrashReporterSupport
0x000000002c04d000 	/System/Library/PrivateFrameworks/Sharing.framework/Versions/A/Sharing
0x000000002c04d000 	/System/Library/PrivateFrameworks/IconServices.framework/Versions/A/IconServices
0x000000002c04d000 	/System/Library/PrivateFrameworks/ProtocolBuffer.framework/Versions/A/ProtocolBuffer
0x000000002c04d000 	/System/Library/PrivateFrameworks/Apple80211.framework/Versions/A/Apple80211
0x000000002c04d000 	/System/Library/Frameworks/CoreWLAN.framework/Versions/A/CoreWLAN
0x000000002c04d000 	/System/Library/PrivateFrameworks/CoreUtils.framework/Versions/A/CoreUtils
0x000000002c04d000 	/System/Library/Frameworks/IOBluetooth.framework/Versions/A/IOBluetooth
0x000000002c04d000 	/System/Library/PrivateFrameworks/CoreWiFi.framework/Versions/A/CoreWiFi
0x000000002c04d000 	/System/Library/Frameworks/CoreBluetooth.framework/Versions/A/CoreBluetooth
0x000000002c04d000 	/System/Library/PrivateFrameworks/SignpostNotification.framework/Versions/A/SignpostNotification
0x000000002c04d000 	/System/Library/PrivateFrameworks/DebugSymbols.framework/Versions/A/DebugSymbols
0x000000002c04d000 	/System/Library/PrivateFrameworks/CoreSymbolication.framework/Versions/A/CoreSymbolication
0x000000002c04d000 	/System/Library/PrivateFrameworks/Symbolication.framework/Versions/A/Symbolication
0x000000002c04d000 	/System/Library/PrivateFrameworks/AppleFSCompression.framework/Versions/A/AppleFSCompression
0x000000002c04d000 	/System/Library/PrivateFrameworks/SpeechRecognitionCore.framework/Versions/A/SpeechRecognitionCore
0x0000000109600000 	/Library/Java/JavaVirtualMachines/jdk1.8.0_151.jdk/Contents/Home/jre/lib/server/libjvm.dylib
0x000000002c04d000 	/usr/lib/libstdc++.6.0.9.dylib
0x0000000108d55000 	/Library/Java/JavaVirtualMachines/jdk1.8.0_151.jdk/Contents/Home/jre/lib/libverify.dylib
0x0000000108d63000 	/Library/Java/JavaVirtualMachines/jdk1.8.0_151.jdk/Contents/Home/jre/lib/libjava.dylib
0x0000000108de2000 	/Library/Java/JavaVirtualMachines/jdk1.8.0_151.jdk/Contents/Home/jre/lib/libzip.dylib
0x000000002c04d000 	/System/Library/Frameworks/JavaVM.framework/Versions/A/Frameworks/JavaRuntimeSupport.framework/Versions/A/JavaRuntimeSupport
0x000000002c04d000 	/System/Library/Frameworks/JavaVM.framework/Versions/A/Frameworks/JavaNativeFoundation.framework/Versions/A/JavaNativeFoundation
0x000000002c04d000 	/System/Library/Frameworks/JavaVM.framework/Versions/A/JavaVM
0x000000002c04d000 	/System/Library/Frameworks/Carbon.framework/Versions/A/Carbon
0x000000002c04d000 	/System/Library/PrivateFrameworks/JavaLaunching.framework/Versions/A/JavaLaunching
0x000000002c04d000 	/System/Library/Frameworks/Carbon.framework/Versions/A/Frameworks/CommonPanels.framework/Versions/A/CommonPanels
0x000000002c04d000 	/System/Library/Frameworks/Carbon.framework/Versions/A/Frameworks/Help.framework/Versions/A/Help
0x000000002c04d000 	/System/Library/Frameworks/Carbon.framework/Versions/A/Frameworks/ImageCapture.framework/Versions/A/ImageCapture
0x000000002c04d000 	/System/Library/Frameworks/Carbon.framework/Versions/A/Frameworks/OpenScripting.framework/Versions/A/OpenScripting
0x000000002c04d000 	/System/Library/Frameworks/Carbon.framework/Versions/A/Frameworks/Print.framework/Versions/A/Print
0x000000002c04d000 	/System/Library/Frameworks/Carbon.framework/Versions/A/Frameworks/SecurityHI.framework/Versions/A/SecurityHI
0x000000011d47e000 	/Volumes/DATA/IdeaProjects/bang-game/bin/.tmp/steamworks4j/c6321039/libsteam_api.dylib
0x000000011d4c3000 	/Volumes/DATA/IdeaProjects/bang-game/bin/.tmp/steamworks4j/c6321039/libsteamworks4j.dylib
0x000000011d52a000 	/Users/kayaba/Library/Application Support/Steam/Steam.AppBundle/Steam/Contents/MacOS/steamclient.dylib
0x000000011f604000 	/Users/kayaba/Library/Application Support/Steam/Steam.AppBundle/Steam/Contents/MacOS/libtier0_s.dylib
0x000000011f639000 	/Users/kayaba/Library/Application Support/Steam/Steam.AppBundle/Steam/Contents/MacOS/libvstdlib_s.dylib
0x000000011f696000 	/Users/kayaba/Library/Application Support/Steam/Steam.AppBundle/Steam/Contents/MacOS/libaudio.dylib
0x000000002c04d000 	/System/Library/Frameworks/OpenAL.framework/Versions/A/OpenAL
0x000000011f6bc000 	/Users/kayaba/Library/Application Support/Steam/Steam.AppBundle/Steam/Contents/MacOS/crashhandler.dylib
0x000000011f6e7000 	/Users/kayaba/Library/Application Support/Steam/Steam.AppBundle/Steam/Contents/MacOS/Frameworks/Breakpad.framework/Versions/A/Breakpad
0x000000011f6fc000 	/Users/kayaba/Library/Application Support/Steam/Steam.AppBundle/Steam/Contents/MacOS/Frameworks/Breakpad.framework/Versions/A/Resources/breakpadUtilities.dylib
0x000000011f754000 	/Library/Java/JavaVirtualMachines/jdk1.8.0_151.jdk/Contents/Home/jre/lib/libosx.dylib
0x000000011f762000 	/Library/Java/JavaVirtualMachines/jdk1.8.0_151.jdk/Contents/Home/jre/lib/./libosxapp.dylib
0x000000002c04d000 	/System/Library/Frameworks/ExceptionHandling.framework/Versions/A/ExceptionHandling
0x000000011f77e000 	/Volumes/DATA/IdeaProjects/bang-game/bin/.temp/25a8e9fb/libgdx64.dylib
0x000000011f7c4000 	/Library/Java/JavaVirtualMachines/jdk1.8.0_151.jdk/Contents/Home/jre/lib/libawt.dylib
0x000000011f86c000 	/Library/Java/JavaVirtualMachines/jdk1.8.0_151.jdk/Contents/Home/jre/lib/./libmlib_image.dylib
0x000000011f938000 	/Library/Java/JavaVirtualMachines/jdk1.8.0_151.jdk/Contents/Home/jre/lib/libawt_lwawt.dylib
0x000000002c04d000 	/System/Library/PrivateFrameworks/CoreServicesInternal.framework/Versions/A/CoreServicesInternal
0x000000002c04d000 	/System/Library/CoreServices/RawCamera.bundle/Contents/MacOS/RawCamera
0x000000002c04d000 	/System/Library/PrivateFrameworks/MobileAsset.framework/Versions/A/MobileAsset
0x000000002c04d000 	/System/Library/PrivateFrameworks/StreamingZip.framework/Versions/A/StreamingZip
0x000000002c04d000 	/System/Library/Frameworks/MediaToolbox.framework/Versions/A/MediaToolbox
0x000000002c04d000 	/System/Library/PrivateFrameworks/CoreAVCHD.framework/Versions/A/CoreAVCHD
0x000000002c04d000 	/System/Library/Frameworks/MediaAccessibility.framework/Versions/A/MediaAccessibility
0x000000002c04d000 	/System/Library/PrivateFrameworks/Mangrove.framework/Versions/A/Mangrove
0x000000002c04d000 	/System/Library/Frameworks/CoreMedia.framework/Versions/A/CoreMedia
0x000000002c04d000 	/System/Library/Frameworks/VideoToolbox.framework/Versions/A/VideoToolbox
0x000000002c04d000 	/System/Library/PrivateFrameworks/CoreAUC.framework/Versions/A/CoreAUC
0x000000002c04d000 	/usr/lib/libspindump.dylib
0x000000002c04d000 	/usr/lib/libdscsym.dylib
0x000000002c04d000 	/System/Library/PrivateFrameworks/AppleVA.framework/Versions/A/AppleVA
0x000000002c04d000 	/System/Library/Frameworks/Accelerate.framework/Versions/A/Frameworks/vImage.framework/Versions/A/Libraries/libCGInterfaces.dylib
0x000000002c04d000 	/System/Library/Frameworks/ApplicationServices.framework/Versions/A/Frameworks/ATS.framework/Versions/A/Resources/libTrueTypeScaler.dylib
0x000000002c04d000 	/System/Library/Frameworks/OpenGL.framework/Versions/A/Resources/GLEngine.bundle/GLEngine
0x000000002c04d000 	/System/Library/Frameworks/OpenGL.framework/Versions/A/Libraries/libGLProgrammability.dylib
0x00000001219f2000 	/System/Library/Extensions/GeForceGLDriverWeb.bundle/Contents/MacOS/GeForceGLDriverWeb
0x000000002c04d000 	/System/Library/PrivateFrameworks/GPUSupport.framework/Versions/A/Libraries/libGPUSupportMercury.dylib
0x000000002c04d000 	/System/Library/Frameworks/OpenGL.framework/Versions/A/Resources/GLRendererFloat.bundle/GLRendererFloat
0x000000002c04d000 	/System/Library/Frameworks/OpenCL.framework/Versions/A/Libraries/libcldcpuengine.dylib
0x000000002c04d000 	/usr/lib/libcrypto.35.dylib
0x000000002c04d000 	/System/Library/PrivateFrameworks/TrustEvaluationAgent.framework/Versions/A/TrustEvaluationAgent
0x0000000122f39000 	/System/Library/Extensions/GeForceMTLDriverWeb.bundle/Contents/MacOS/GeForceMTLDriverWeb
0x000000002c04d000 	/System/Library/PrivateFrameworks/GPUCompiler.framework/Versions/3802/Libraries/libmetal_timestamp.dylib
0x000000002c04d000 	/System/Library/PrivateFrameworks/FamilyControls.framework/Versions/A/FamilyControls
0x000000002c04d000 	/System/Library/PrivateFrameworks/CommerceKit.framework/Versions/A/Frameworks/CommerceCore.framework/Versions/A/CommerceCore
0x000000002c04d000 	/System/Library/PrivateFrameworks/SystemAdministration.framework/Versions/A/SystemAdministration
0x000000002c04d000 	/System/Library/PrivateFrameworks/AppContainer.framework/Versions/A/AppContainer
0x000000002c04d000 	/System/Library/PrivateFrameworks/SecCodeWrapper.framework/Versions/A/SecCodeWrapper
0x000000002c04d000 	/System/Library/PrivateFrameworks/DiskManagement.framework/Versions/A/DiskManagement
0x000000002c04d000 	/System/Library/Frameworks/DirectoryService.framework/Versions/A/DirectoryService
0x000000002c04d000 	/System/Library/PrivateFrameworks/DiskImages.framework/Versions/A/DiskImages
0x000000002c04d000 	/System/Library/PrivateFrameworks/LoginUIKit.framework/Versions/A/Frameworks/LoginUICore.framework/Versions/A/LoginUICore
0x000000002c04d000 	/usr/lib/libCoreStorage.dylib
0x000000002c04d000 	/usr/lib/libcsfde.dylib
0x000000002c04d000 	/usr/lib/libodfde.dylib
0x000000002c04d000 	/System/Library/PrivateFrameworks/MediaKit.framework/Versions/A/MediaKit
0x000000002c04d000 	/System/Library/Frameworks/DiscRecording.framework/Versions/A/DiscRecording
0x000000002c04d000 	/System/Library/PrivateFrameworks/EFILogin.framework/Versions/A/EFILogin
0x000000002c04d000 	/System/Library/PrivateFrameworks/ProtectedCloudStorage.framework/Versions/A/ProtectedCloudStorage
0x000000002c04d000 	/usr/lib/libcurl.4.dylib
0x000000002c04d000 	/usr/lib/libssl.35.dylib
0x000000002c04d000 	/System/Library/Frameworks/LDAP.framework/Versions/A/LDAP
0x000000002c04d000 	/usr/lib/libsasl2.2.dylib
0x000000002c04d000 	/System/Library/PrivateFrameworks/CoreDaemon.framework/Versions/B/CoreDaemon
0x000000002c04d000 	/System/Library/PrivateFrameworks/AppleSRP.framework/Versions/A/AppleSRP
0x000000012b57e000 	/Library/Java/JavaVirtualMachines/jdk1.8.0_151.jdk/Contents/Home/jre/lib/libfontmanager.dylib
0x000000002c04d000 	/System/Library/PrivateFrameworks/ViewBridge.framework/Versions/A/ViewBridge
0x000000012b623000 	/Volumes/DATA/IdeaProjects/bang-game/bin/.temp/f7649394/liblwjgl.dylib
0x0000000120952000 	/Library/Java/JavaVirtualMachines/jdk1.8.0_151.jdk/Contents/Home/jre/lib/libjawt.dylib
0x000000012b6a5000 	/Volumes/DATA/IdeaProjects/bang-game/bin/.temp/f7649394/openal.dylib
0x000000012b71e000 	/System/Library/Components/CoreAudio.component/Contents/MacOS/CoreAudio
0x000000012b965000 	/System/Library/Extensions/AppleHDA.kext/Contents/PlugIns/AppleHDAHALPlugIn.bundle/Contents/MacOS/AppleHDAHALPlugIn
0x000000012b96f000 	/Library/Audio/Plug-Ins/HAL/NRDAudioClnt.plugin/Contents/MacOS/NRDAudioClnt
0x000000002c04d000 	/System/Library/Frameworks/CoreAudioKit.framework/Versions/A/CoreAudioKit
0x000000002c04d000 	/System/Library/PrivateFrameworks/MobileDevice.framework/Versions/A/MobileDevice
0x000000002c04d000 	/System/Library/Frameworks/CoreMIDI.framework/Versions/A/CoreMIDI
0x000000002c04d000 	/System/Library/Frameworks/ScriptingBridge.framework/Versions/A/ScriptingBridge
0x000000002c04d000 	/System/Library/Frameworks/AudioVideoBridging.framework/Versions/A/AudioVideoBridging
0x000000002c04d000 	/System/Library/PrivateFrameworks/Bom.framework/Versions/A/Bom
0x000000002c04d000 	/usr/lib/libcrypto.0.9.8.dylib
0x000000002c04d000 	/usr/lib/libssl.0.9.8.dylib
0x000000002c04d000 	/usr/lib/libexpat.1.dylib
0x000000002c04d000 	/usr/lib/libffi.dylib
0x000000002c04d000 	/System/Library/PrivateFrameworks/AudioServerApplication.framework/Versions/A/AudioServerApplication
0x000000002c04d000 	/System/Library/PrivateFrameworks/TimeSync.framework/Versions/A/TimeSync
0x000000002c04d000 	/System/Library/Frameworks/AVFoundation.framework/Versions/A/AVFoundation
0x000000002c04d000 	/System/Library/Frameworks/AVFoundation.framework/Versions/A/Frameworks/AVFAudio.framework/Versions/A/AVFAudio
0x000000002c04d000 	/System/Library/PrivateFrameworks/IntlPreferences.framework/Versions/A/IntlPreferences
0x000000002c04d000 	/System/Library/Frameworks/CoreMediaIO.framework/Versions/A/CoreMediaIO
0x000000002c04d000 	/System/Library/PrivateFrameworks/RemoteServiceDiscovery.framework/Versions/A/RemoteServiceDiscovery
0x000000002c04d000 	/System/Library/PrivateFrameworks/RemoteXPC.framework/Versions/A/RemoteXPC
0x000000002c04d000 	/System/Library/PrivateFrameworks/MultiverseSupport.framework/Versions/A/MultiverseSupport
0x000000002c04d000 	/System/Library/PrivateFrameworks/InternationalSupport.framework/Versions/A/InternationalSupport
0x00000001207ae000 	/Library/Java/JavaVirtualMachines/jdk1.8.0_151.jdk/Contents/Home/jre/lib/libnio.dylib
0x00000001207be000 	/Library/Java/JavaVirtualMachines/jdk1.8.0_151.jdk/Contents/Home/jre/lib/./libnet.dylib

VM Arguments:
jvm_args: -Dappdir=/Volumes/DATA/IdeaProjects/bang-game/ -Dno_unpack_resources=true -Dbang.home=/Volumes/DATA/IdeaProjects/bang-game -Dresource_dir=/Volumes/DATA/IdeaProjects/bang-game/assets/build/staging/rsrc -Drsrc_cache_dir=/tmp -Dno_log_redir=true -Xmx128M 
java_command: com.threerings.bang.bang.client.BangDesktop
java_class_path (initial): /Volumes/DATA/IdeaProjects/bang-game/assets/build/staging:/Volumes/DATA/IdeaProjects/bang-game/build/client/NitroNet-1.0.jar:/Volumes/DATA/IdeaProjects/bang-game/build/client/activation-1.1.1.jar:/Volumes/DATA/IdeaProjects/bang-game/build/client/aopalliance-1.0.jar:/Volumes/DATA/IdeaProjects/bang-game/build/client/app-1.1-SNAPSHOT.jar:/Volumes/DATA/IdeaProjects/bang-game/build/client/asm-3.1.jar:/Volumes/DATA/IdeaProjects/bang-game/build/client/bui-1.1-SNAPSHOT.jar:/Volumes/DATA/IdeaProjects/bang-game/build/client/c3p0-0.9.1.1.jar:/Volumes/DATA/IdeaProjects/bang-game/build/client/cglib-2.2.1-v20090111.jar:/Volumes/DATA/IdeaProjects/bang-game/build/client/commons-io-1.4.jar:/Volumes/DATA/IdeaProjects/bang-game/build/client/gdx-1.9.8.jar:/Volumes/DATA/IdeaProjects/bang-game/build/client/gdx-backend-lwjgl-1.9.8.jar:/Volumes/DATA/IdeaProjects/bang-game/build/client/gdx-platform-1.9.8-natives-desktop.jar:/Volumes/DATA/IdeaProjects/bang-game/build/client/getdown-1.4.jar:/Volumes/DATA/IdeaProjects/bang-game/build/client/guava-18.0.jar:/Volumes/DATA/IdeaProjects/bang-game/build/client/guice-3.0.jar:/Volumes/DATA/IdeaProjects/bang-game/build/client/javax.inject-1.jar:/Volumes/DATA/IdeaProjects/bang-game/build/client/jinput-2.0.5.jar:/Volumes/DATA/IdeaProjects/bang-game/build/client/jinput-platform-2.0.5-natives-linux.jar:/Volumes/DATA/IdeaProjects/bang-game/build/client/jinput-platform-2.0.5-natives-osx.jar:/Volumes/DATA/IdeaProjects/bang-game/build/client/jinput-platform-2.0.5-natives-windows.jar:/Volumes/DATA/IdeaProjects/bang-game/build/client/jlayer-1.0.1-gdx.jar:/Volumes/DATA/IdeaProjects/bang-game/build/client/jme-1.1-SNAPSHOT.jar:/Volumes/DATA/IdeaProjects/bang-game/build/client/jorbis-0.0.17.jar:/Volumes/DATA/IdeaProjects/bang-game/build/client/jsr250-api-1.0.jar:/Volumes/DATA/IdeaProjects/bang-game/build/client/jutils-1.0.0.jar:/Volumes/DATA/IdeaProjects/bang-game/build/client/lwjgl-2.9.2.jar:/Volumes/DATA/IdeaProjects/bang-game/build/cl
Launcher Type: SUN_STANDARD

Environment Variables:
PATH=/Library/Frameworks/Python.framework/Versions/3.7/bin:/usr/local/bin:/usr/bin:/bin:/usr/sbin:/sbin:/opt/X11/bin:/Volumes/DATA/Applications/VMware Fusion.app/Contents/Public:/Library/Frameworks/Mono.framework/Versions/Current/Commands
SHELL=/bin/bash
DISPLAY=/private/tmp/com.apple.launchd.H4JiIViAQd/org.macosforge.xquartz:0

Signal Handlers:
SIGSEGV: [libjvm.dylib+0x5b27a5], sa_mask[0]=11111111011111110111111111111111, sa_flags=SA_ONSTACK|SA_RESTART|SA_SIGINFO
SIGBUS: [libjvm.dylib+0x5b27a5], sa_mask[0]=11111111011111110111111111111111, sa_flags=SA_RESTART|SA_SIGINFO
SIGFPE: [libjvm.dylib+0x4891c4], sa_mask[0]=11111111011111110111111111111111, sa_flags=SA_RESTART|SA_SIGINFO
SIGPIPE: [libjvm.dylib+0x4891c4], sa_mask[0]=11111111011111110111111111111111, sa_flags=SA_RESTART|SA_SIGINFO
SIGXFSZ: [libjvm.dylib+0x4891c4], sa_mask[0]=11111111011111110111111111111111, sa_flags=SA_RESTART|SA_SIGINFO
SIGILL: [libjvm.dylib+0x4891c4], sa_mask[0]=11111111011111110111111111111111, sa_flags=SA_RESTART|SA_SIGINFO
SIGUSR1: SIG_DFL, sa_mask[0]=11011111011111100000000111000110, sa_flags=none
SIGUSR2: [libjvm.dylib+0x488ce2], sa_mask[0]=00100000000000000000000000000000, sa_flags=SA_RESTART|SA_SIGINFO
SIGHUP: [libjvm.dylib+0x4872b9], sa_mask[0]=11111111011111110111111111111111, sa_flags=SA_RESTART|SA_SIGINFO
SIGINT: [libjvm.dylib+0x4872b9], sa_mask[0]=11111111011111110111111111111111, sa_flags=SA_RESTART|SA_SIGINFO
SIGTERM: [libjvm.dylib+0x4872b9], sa_mask[0]=11111111011111110111111111111111, sa_flags=SA_RESTART|SA_SIGINFO
SIGQUIT: [libjvm.dylib+0x4872b9], sa_mask[0]=11111111011111110111111111111111, sa_flags=SA_RESTART|SA_SIGINFO


---------------  S Y S T E M  ---------------

OS:Bsduname:Darwin 17.0.0 Darwin Kernel Version 17.0.0: Thu Aug 24 21:48:19 PDT 2017; root:xnu-4570.1.46~2/RELEASE_X86_64 x86_64
rlimit: STACK 8192k, CORE 0k, NPROC 709, NOFILE 10240, AS infinity
load average:2.77 2.82 2.77

CPU:total 4 (initial active 4) (4 cores per cpu, 1 threads per core) family 6 model 94 stepping 3, cmov, cx8, fxsr, mmx, sse, sse2, sse3, ssse3, sse4.1, sse4.2, popcnt, avx, avx2, aes, clmul, erms, rtm, 3dnowpref, lzcnt, tsc, tscinvbit, bmi1, bmi2, adx

Memory: 4k page, physical 8388608k(31144k free)

/proc/meminfo:


vm_info: Java HotSpot(TM) 64-Bit Server VM (25.151-b12) for bsd-amd64 JRE (1.8.0_151-b12), built on Sep  5 2017 19:37:08 by "java_re" with gcc 4.2.1 (Based on Apple Inc. build 5658) (LLVM build 2336.11.00)

time: Mon Apr 23 18:28:43 2018
elapsed time: 24 seconds (0d 0h 0m 24s)

