#
# A fatal error has been detected by the Java Runtime Environment:
#
#  SIGSEGV (0xb) at pc=0x0000000000000000, pid=11331, tid=0x000000000001a68f
#
# JRE version: Java(TM) SE Runtime Environment (8.0_151-b12) (build 1.8.0_151-b12)
# Java VM: Java HotSpot(TM) 64-Bit Server VM (25.151-b12 mixed mode bsd-amd64 compressed oops)
# Problematic frame:
# C  0x0000000000000000
#
# Failed to write core dump. Core dumps have been disabled. To enable core dumping, try "ulimit -c unlimited" before starting Java again
#
# If you would like to submit a bug report, please visit:
#   http://bugreport.java.com/bugreport/crash.jsp
#

---------------  T H R E A D  ---------------

Current thread is native thread

siginfo: si_signo: 11 (SIGSEGV), si_code: 1 (SEGV_MAPERR), si_addr: 0x0000000000000000

Registers:
RAX=0x0000000128078508, RBX=0x00000000000161b0, RCX=0x0000000000000010, RDX=0xfffffffffffffff0
RSP=0x000070000772b9f8, RBP=0x000070000772baa0, RSI=0x0000000000000000, RDI=0x00007fd782b18800
R8 =0x0000000000000200, R9 =0x00007fd781d98c20, R10=0x00007fd7821fc230, R11=0x000000000003c290
R12=0x00007fd781d98c20, R13=0x00007fd782b18800, R14=0x00007fd781d5c990, R15=0x0000000000000800
RIP=0x0000000000000000, EFLAGS=0x0000000000010246, ERR=0x0000000000000014
  TRAPNO=0x000000000000000e

Top of Stack: (sp=0x000070000772b9f8)
0x000070000772b9f8:   000000012804a639 0000000000000000
0x000070000772ba08:   0000000000000000 00007fd782b209b0
0x000070000772ba18:   00000001283e9010 00007fd782b1e9b0
0x000070000772ba28:   0000020005688a00 0000000000000004
0x000070000772ba38:   0000000000000800 0000700000000200
0x000070000772ba48:   00007fd782b1c9b0 00007fd782b18800
0x000070000772ba58:   0000020000000000 ff80000000001000
0x000070000772ba68:   000000010000037f c234aea8ad0100e3
0x000070000772ba78:   00007fd781c853a8 00007fd781d98c20
0x000070000772ba88:   00007fd781c85330 00007fd781d5c990
0x000070000772ba98:   0000000000000200 000070000772bab0
0x000070000772baa8:   000000012805a2ef 000070000772bb30
0x000070000772bab8:   00000001280a0a10 00007fd781c84b08
0x000070000772bac8:   00007fd7821fc000 00007fd781c85330
0x000070000772bad8:   000002002137c1d5 000070000772bc50
0x000070000772bae8:   00007fd7821fc1f8 0000020000000001
0x000070000772baf8:   000070000772bc38 0000700000000000
0x000070000772bb08:   000070000772bc38 00007fd7821fc000
0x000070000772bb18:   00007fd781c84a90 00007fd781ea2790
0x000070000772bb28:   0000000000000200 000070000772bb80
0x000070000772bb38:   00000001281ca454 000000012825d530
0x000070000772bb48:   000070000772bc50 00000000821fc2e8
0x000070000772bb58:   00007fd7821fc000 0000000000000000
0x000070000772bb68:   0000000000001fa0 00007fd781ea27ac
0x000070000772bb78:   00007fd7821fc000 000070000772bc10
0x000070000772bb88:   00000001281c9b2a 00007fd781ea2790
0x000070000772bb98:   00000001281c9a30 00007fd7821fc2e8
0x000070000772bba8:   000070000772bc38 00007fd7821fc000
0x000070000772bbb8:   00007fd781c84a90 000070000772bc50
0x000070000772bbc8:   00007fd781ea2790 00000200821fc2e8
0x000070000772bbd8:   00009fe000001fa0 c234aea8ad0100e3
0x000070000772bbe8:   00007fd7821fc000 00007fd781ea27d0 

Instructions: (pc=0x0000000000000000)
0xffffffffffffffe0:   

Register to memory mapping:

RAX=