#
# A fatal error has been detected by the Java Runtime Environment:
#
#  SIGSEGV (0xb) at pc=0x0000000000000000, pid=4627, tid=0x000000000002040f
#
# JRE version: Java(TM) SE Runtime Environment (8.0_151-b12) (build 1.8.0_151-b12)
# Java VM: Java HotSpot(TM) 64-Bit Server VM (25.151-b12 mixed mode bsd-amd64 compressed oops)
# Problematic frame:
# C  0x0000000000000000
#
# Failed to write core dump. Core dumps have been disabled. To enable core dumping, try "ulimit -c unlimited" before starting Java again
#
# If you would like to submit a bug report, please visit:
#   http://bugreport.java.com/bugreport/crash.jsp
#

---------------  T H R E A D  ---------------

Current thread is native thread

siginfo: si_signo: 11 (SIGSEGV), si_code: 1 (SEGV_MAPERR), si_addr: 0x0000000000000000

Registers:
RAX=0x000000012ad6a508, RBX=0x00000000000161b0, RCX=0x0000000000000010, RDX=0xfffffffffffffff0
RSP=0x000070000fe01618, RBP=0x000070000fe016c0, RSI=0x0000000000000000, RDI=0x00007f953b9ed200
R8 =0x0000000000000200, R9 =0x00007f953ae7cde0, R10=0x0000000000001000, R11=0x0000000000001000
R12=0x00007f953ae7cde0, R13=0x00007f953b9ed200, R14=0x00000000ffffd584, R15=0x0000000000000800
RIP=0x0000000000000000, EFLAGS=0x0000000000010246, ERR=0x0000000000000014
  TRAPNO=0x000000000000000e

Top of Stack: (sp=0x000070000fe01618)
0x000070000fe01618:   000000012ad3c639 000070000fe01630
0x000070000fe01628:   0000000000000000 00007f953b9f53b0
0x000070000fe01638:   00007f953b20a800 00007f953b9f33b0
0x000070000fe01648:   0000020000000003 0000000000000000
0x000070000fe01658:   0000000000000800 0000000000000200
0x000070000fe01668:   00007f953b9f13b0 00007f953b9ed200
0x000070000fe01678:   0000020000000000 0000000000000000
0x000070000fe01688:   000000000000037f 5f95592d8b170013
0x000070000fe01698:   00007f953af7ff60 00007f953ae7cde0
0x000070000fe016a8:   0000000000000000 00000000ffffd584
0x000070000fe016b8:   000070000fe01764 000070000fe016d0
0x000070000fe016c8:   000000012ad4c2ef 000070000fe01710
0x000070000fe016d8:   000000012aeb5559 000070000fe01720
0x000070000fe016e8:   00007f953af80040 000070000fe01764
0x000070000fe016f8:   000070000fe017b8 00007f953add0388
0x000070000fe01708:   00007f953af7ff60 000070000fe01790
0x000070000fe01718:   000000012ad933f7 4158c76c00000000
0x000070000fe01728:   0000201cd6419bfc 3fefffe08c31d5a7
0x000070000fe01738:   0000000000000000 0000000000000000
0x000070000fe01748:   0000000000000000 0000000000000000
0x000070000fe01758:   0000000000000007 0000000000000000
0x000070000fe01768:   0000000000000000 0000000000001000
0x000070000fe01778:   00007f953add0170 00000000696e737a
0x000070000fe01788:   00007f953add0388 000070000fe017f0
0x000070000fe01798:   00007fff4051ab77 0000000000000000
0x000070000fe017a8:   0000000000000000 00007f953add0370
0x000070000fe017b8:   0000000000000200 5f95592d8b170013
0x000070000fe017c8:   00007f953add0170 0000000000001000
0x000070000fe017d8:   0000000000000000 00007f953add0258
0x000070000fe017e8:   00007f953add0250 000070000fe01840
0x000070000fe017f8:   00007fff4051a82d 0000000000000002
0x000070000fe01808:   000070000fe01854 00007f953add0400 

Instructions: (pc=0x0000000000000000)
0xffffffffffffffe0:   

Register to memory mapping:

RAX=0x000000012ad6a508: PlaybackBackend+0x20 in /var/folders/__/677dyz0j6d159xhks_rrr90h0000gn/T/libgdxkayaba/f7649394/openal.dylib at 0x000000012ad21000
RBX=0x00000000000161b0 is an unknown value
RCX=0x0000000000000010 is an unknown value
RDX=0xfffffffffffffff0 is an unknown value
RSP=0x000070000fe01618 is an unknown value
RBP=0x000070000fe016c0 is an unknown value
RSI=0x0000000000000000 is an unknown value
RDI=0x00007f953b9ed200 is an unknown value
R8 =0x0000000000000200 is an unknown value
R9 =0x00007f953ae7cde0 is an unknown value
R10=0x0000000000001000 is an unknown value
R11=0x0000000000001000 is an unknown value
R12=0x00007f953ae7cde0 is an unknown value
R13=0x00007f953b9ed200 is an unknown value
R14=0x00000000ffffd584 is an unknown value
R15=0x0000000000000800 is an unknown value


Stack: [0x000070000fd82000,0x000070000fe02000],  sp=0x000070000fe01618,  free space=509k

---------------  P R O C E S S  ---------------

VM state:at safepoint (shutting down)

VM Mutex/Monitor currently owned by a thread:  ([mutex/lock_event])
[0x00007f953ae036f0] Threads_lock - owner thread: 0x00007f953b02d000

Heap:
 PSYoungGen      total 22016K, used 2828K [0x00000007bd580000, 0x00000007bfe00000, 0x00000007c0000000)
  eden space 20992K, 10% used [0x00000007bd580000,0x00000007bd79ef08,0x00000007bea00000)
  from space 1024K, 64% used [0x00000007bea00000,0x00000007beaa4230,0x00000007beb00000)
  to   space 10240K, 0% used [0x00000007bf400000,0x00000007bf400000,0x00000007bfe00000)
 ParOldGen       total 67072K, used 16680K [0x00000007b8000000, 0x00000007bc180000, 0x00000007bd580000)
  object space 67072K, 24% used [0x00000007b8000000,0x00000007b904a260,0x00000007bc180000)
 Metaspace       used 27534K, capacity 27871K, committed 28160K, reserved 1075200K
  class space    used 3199K, capacity 3298K, committed 3328K, reserved 1048576K

Card table byte_map: [0x0000000109f70000,0x0000000109fb1000] byte_map_base: 0x00000001061b0000

Marking Bits: (ParMarkBitMap*) 0x00000001094f35d0
 Begin Bits: [0x0000000109fdc000, 0x000000010a1dc000)
 End Bits:   [0x000000010a1dc000, 0x000000010a3dc000)

Polling page: 0x00000001083b5000

CodeCache: size=245760Kb used=14049Kb max_used=14351Kb free=231710Kb
 bounds [0x000000010e4b4000, 0x000000010f2d4000, 0x000000011d4b4000]
 total_blobs=5038 nmethods=4311 adapters=638
 compilation: enabled

Compilation events (10 events):
Event: 146.820 Thread 0x00007f953c023000 5263   !   3       sun.font.FileFont::getGlyphImage (26 bytes)
Event: 146.820 Thread 0x00007f953c023000 nmethod 5263 0x000000010eac68d0 code [0x000000010eac6ae0, 0x000000010eac7768]
Event: 146.822 Thread 0x00007f953c832800 5264       4       com.jme.scene.state.RenderState::extract (8 bytes)
Event: 146.829 Thread 0x00007f953c832800 nmethod 5264 0x000000010ee66f90 code [0x000000010ee67100, 0x000000010ee673f8]
Event: 146.843 Thread 0x00007f953c023000 5265       3       java.util.Calendar::isFieldSet (14 bytes)
Event: 146.844 Thread 0x00007f953c023000 nmethod 5265 0x000000010eb60cd0 code [0x000000010eb60e40, 0x000000010eb60fd0]
Event: 148.337 Thread 0x00007f953c023000 5266   !   3       java.util.logging.LogManager::ensureLogManagerInitialized (128 bytes)
Event: 148.338 Thread 0x00007f953c023000 nmethod 5266 0x000000010ecf9750 code [0x000000010ecf9900, 0x000000010ecf9f88]
Event: 148.338 Thread 0x00007f953c023000 5267       3       java.util.logging.LogManager::access$100 (4 bytes)
Event: 148.338 Thread 0x00007f953c023000 nmethod 5267 0x000000010ec17790 code [0x000000010ec178e0, 0x000000010ec17a10]

GC Heap History (10 events):
Event: 57.376 GC heap before
{Heap before GC invocations=14 (full 1):
 PSYoungGen      total 30208K, used 23072K [0x00000007bd580000, 0x00000007c0000000, 0x00000007c0000000)
  eden space 20992K, 100% used [0x00000007bd580000,0x00000007bea00000,0x00000007bea00000)
  from space 9216K, 22% used [0x00000007bf700000,0x00000007bf908240,0x00000007c0000000)
  to   space 11264K, 0% used [0x00000007bea00000,0x00000007bea00000,0x00000007bf500000)
 ParOldGen       total 67072K, used 14133K [0x00000007b8000000, 0x00000007bc180000, 0x00000007bd580000)
  object space 67072K, 21% used [0x00000007b8000000,0x00000007b8dcd788,0x00000007bc180000)
 Metaspace       used 27157K, capacity 27489K, committed 27648K, reserved 1073152K
  class space    used 3157K, capacity 3259K, committed 3328K, reserved 1048576K
Event: 57.383 GC heap after
Heap after GC invocations=14 (full 1):
 PSYoungGen      total 32256K, used 448K [0x00000007bd580000, 0x00000007c0000000, 0x00000007c0000000)
  eden space 20992K, 0% used [0x00000007bd580000,0x00000007bd580000,0x00000007bea00000)
  from space 11264K, 3% used [0x00000007bea00000,0x00000007bea70000,0x00000007bf500000)
  to   space 11264K, 0% used [0x00000007bf500000,0x00000007bf500000,0x00000007c0000000)
 ParOldGen       total 67072K, used 15876K [0x00000007b8000000, 0x00000007bc180000, 0x00000007bd580000)
  object space 67072K, 23% used [0x00000007b8000000,0x00000007b8f81350,0x00000007bc180000)
 Metaspace       used 27157K, capacity 27489K, committed 27648K, reserved 1073152K
  class space    used 3157K, capacity 3259K, committed 3328K, reserved 1048576K
}
Event: 61.748 GC heap before
{Heap before GC invocations=15 (full 1):
 PSYoungGen      total 32256K, used 21440K [0x00000007bd580000, 0x00000007c0000000, 0x00000007c0000000)
  eden space 20992K, 100% used [0x00000007bd580000,0x00000007bea00000,0x00000007bea00000)
  from space 11264K, 3% used [0x00000007bea00000,0x00000007bea70000,0x00000007bf500000)
  to   space 11264K, 0% used [0x00000007bf500000,0x00000007bf500000,0x00000007c0000000)
 ParOldGen       total 67072K, used 15876K [0x00000007b8000000, 0x00000007bc180000, 0x00000007bd580000)
  object space 67072K, 23% used [0x00000007b8000000,0x00000007b8f81350,0x00000007bc180000)
 Metaspace       used 27407K, capacity 27731K, committed 27904K, reserved 1073152K
  class space    used 3186K, capacity 3296K, committed 3328K, reserved 1048576K
Event: 61.760 GC heap after
Heap after GC invocations=15 (full 1):
 PSYoungGen      total 32256K, used 727K [0x00000007bd580000, 0x00000007c0000000, 0x00000007c0000000)
  eden space 20992K, 0% used [0x00000007bd580000,0x00000007bd580000,0x00000007bea00000)
  from space 11264K, 6% used [0x00000007bf500000,0x00000007bf5b5fc0,0x00000007c0000000)
  to   space 11264K, 0% used [0x00000007bea00000,0x00000007bea00000,0x00000007bf500000)
 ParOldGen       total 67072K, used 15980K [0x00000007b8000000, 0x00000007bc180000, 0x00000007bd580000)
  object space 67072K, 23% used [0x00000007b8000000,0x00000007b8f9b350,0x00000007bc180000)
 Metaspace       used 27407K, capacity 27731K, committed 27904K, reserved 1073152K
  class space    used 3186K, capacity 3296K, committed 3328K, reserved 1048576K
}
Event: 68.702 GC heap before
{Heap before GC invocations=16 (full 1):
 PSYoungGen      total 32256K, used 21719K [0x00000007bd580000, 0x00000007c0000000, 0x00000007c0000000)
  eden space 20992K, 100% used [0x00000007bd580000,0x00000007bea00000,0x00000007bea00000)
  from space 11264K, 6% used [0x00000007bf500000,0x00000007bf5b5fc0,0x00000007c0000000)
  to   space 11264K, 0% used [0x00000007bea00000,0x00000007bea00000,0x00000007bf500000)
 ParOldGen       total 67072K, used 15980K [0x00000007b8000000, 0x00000007bc180000, 0x00000007bd580000)
  object space 67072K, 23% used [0x00000007b8000000,0x00000007b8f9b350,0x00000007bc180000)
 Metaspace       used 27456K, capacity 27795K, committed 28160K, reserved 1075200K
  class space    used 3190K, capacity 3296K, committed 3328K, reserved 1048576K
Event: 68.704 GC heap after
Heap after GC invocations=16 (full 1):
 PSYoungGen      total 32256K, used 504K [0x00000007bd580000, 0x00000007c0000000, 0x00000007c0000000)
  eden space 20992K, 0% used [0x00000007bd580000,0x00000007bd580000,0x00000007bea00000)
  from space 11264K, 4% used [0x00000007bea00000,0x00000007bea7e050,0x00000007bf500000)
  to   space 11264K, 0% used [0x00000007bf500000,0x00000007bf500000,0x00000007c0000000)
 ParOldGen       total 67072K, used 16418K [0x00000007b8000000, 0x00000007bc180000, 0x00000007bd580000)
  object space 67072K, 24% used [0x00000007b8000000,0x00000007b9008800,0x00000007bc180000)
 Metaspace       used 27456K, capacity 27795K, committed 28160K, reserved 1075200K
  class space    used 3190K, capacity 3296K, committed 3328K, reserved 1048576K
}
Event: 72.376 GC heap before
{Heap before GC invocations=17 (full 1):
 PSYoungGen      total 32256K, used 21496K [0x00000007bd580000, 0x00000007c0000000, 0x00000007c0000000)
  eden space 20992K, 100% used [0x00000007bd580000,0x00000007bea00000,0x00000007bea00000)
  from space 11264K, 4% used [0x00000007bea00000,0x00000007bea7e050,0x00000007bf500000)
  to   space 11264K, 0% used [0x00000007bf500000,0x00000007bf500000,0x00000007c0000000)
 ParOldGen       total 67072K, used 16418K [0x00000007b8000000, 0x00000007bc180000, 0x00000007bd580000)
  object space 67072K, 24% used [0x00000007b8000000,0x00000007b9008800,0x00000007bc180000)
 Metaspace       used 27490K, capacity 27807K, committed 28160K, reserved 1075200K
  class space    used 3191K, capacity 3298K, committed 3328K, reserved 1048576K
Event: 72.390 GC heap after
Heap after GC invocations=17 (full 1):
 PSYoungGen      total 31232K, used 592K [0x00000007bd580000, 0x00000007bff00000, 0x00000007c0000000)
  eden space 20992K, 0% used [0x00000007bd580000,0x00000007bd580000,0x00000007bea00000)
  from space 10240K, 5% used [0x00000007bf500000,0x00000007bf594230,0x00000007bff00000)
  to   space 10752K, 0% used [0x00000007bea00000,0x00000007bea00000,0x00000007bf480000)
 ParOldGen       total 67072K, used 16672K [0x00000007b8000000, 0x00000007bc180000, 0x00000007bd580000)
  object space 67072K, 24% used [0x00000007b8000000,0x00000007b9048260,0x00000007bc180000)
 Metaspace       used 27490K, capacity 27807K, committed 28160K, reserved 1075200K
  class space    used 3191K, capacity 3298K, committed 3328K, reserved 1048576K
}
Event: 146.823 GC heap before
{Heap before GC invocations=18 (full 1):
 PSYoungGen      total 31232K, used 21572K [0x00000007bd580000, 0x00000007bff00000, 0x00000007c0000000)
  eden space 20992K, 99% used [0x00000007bd580000,0x00000007be9fce58,0x00000007bea00000)
  from space 10240K, 5% used [0x00000007bf500000,0x00000007bf594230,0x00000007bff00000)
  to   space 10752K, 0% used [0x00000007bea00000,0x00000007bea00000,0x00000007bf480000)
 ParOldGen       total 67072K, used 16672K [0x00000007b8000000, 0x00000007bc180000, 0x00000007bd580000)
  object space 67072K, 24% used [0x00000007b8000000,0x00000007b9048260,0x00000007bc180000)
 Metaspace       used 27518K, capacity 27807K, committed 28160K, reserved 1075200K
  class space    used 3196K, capacity 3298K, committed 3328K, reserved 1048576K
Event: 146.829 GC heap after
Heap after GC invocations=18 (full 1):
 PSYoungGen      total 22016K, used 656K [0x00000007bd580000, 0x00000007bfe00000, 0x00000007c0000000)
  eden space 20992K, 0% used [0x00000007bd580000,0x00000007bd580000,0x00000007bea00000)
  from space 1024K, 64% used [0x00000007bea00000,0x00000007beaa4230,0x00000007beb00000)
  to   space 10240K, 0% used [0x00000007bf400000,0x00000007bf400000,0x00000007bfe00000)
 ParOldGen       total 67072K, used 16680K [0x00000007b8000000, 0x00000007bc180000, 0x00000007bd580000)
  object space 67072K, 24% used [0x00000007b8000000,0x00000007b904a260,0x00000007bc180000)
 Metaspace       used 27518K, capacity 27807K, committed 28160K, reserved 1075200K
  class space    used 3196K, capacity 3298K, committed 3328K, reserved 1048576K
}

Deoptimization events (10 events):
Event: 61.853 Thread 0x00007f953c306800 Uncommon trap: reason=class_check action=maybe_recompile pc=0x000000010f164e7c method=java.awt.Font.equals(Ljava/lang/Object;)Z @ 12
Event: 62.579 Thread 0x00007f953c306800 Uncommon trap: reason=unstable_if action=reinterpret pc=0x000000010ea9ce44 method=java.lang.String.lastIndexOf([CII[CIII)I @ 17
Event: 62.586 Thread 0x00007f953c306800 Uncommon trap: reason=class_check action=maybe_recompile pc=0x000000010f24070c method=com.jmex.bui.BComponent.renderBackground(Lcom/jme/renderer/Renderer;)V @ 25
Event: 62.586 Thread 0x00007f953c306800 Uncommon trap: reason=class_check action=maybe_recompile pc=0x000000010f0f56e4 method=com.jmex.bui.BComponent.renderBorder(Lcom/jme/renderer/Renderer;)V @ 25
Event: 62.609 Thread 0x00007f953c306800 Uncommon trap: reason=class_check action=maybe_recompile pc=0x000000010f24070c method=com.jmex.bui.BComponent.renderBackground(Lcom/jme/renderer/Renderer;)V @ 25
Event: 62.609 Thread 0x00007f953c306800 Uncommon trap: reason=class_check action=maybe_recompile pc=0x000000010f0f56e4 method=com.jmex.bui.BComponent.renderBorder(Lcom/jme/renderer/Renderer;)V @ 25
Event: 62.619 Thread 0x00007f953c306800 Uncommon trap: reason=class_check action=maybe_recompile pc=0x000000010f24070c method=com.jmex.bui.BComponent.renderBackground(Lcom/jme/renderer/Renderer;)V @ 25
Event: 62.619 Thread 0x00007f953c306800 Uncommon trap: reason=class_check action=maybe_recompile pc=0x000000010f0f56e4 method=com.jmex.bui.BComponent.renderBorder(Lcom/jme/renderer/Renderer;)V @ 25
Event: 62.635 Thread 0x00007f953c306800 Uncommon trap: reason=class_check action=maybe_recompile pc=0x000000010f24070c method=com.jmex.bui.BComponent.renderBackground(Lcom/jme/renderer/Renderer;)V @ 25
Event: 62.635 Thread 0x00007f953c306800 Uncommon trap: reason=class_check action=maybe_recompile pc=0x000000010f0f56e4 method=com.jmex.bui.BComponent.renderBorder(Lcom/jme/renderer/Renderer;)V @ 25

Internal exceptions (10 events):
Event: 16.858 Thread 0x00007f953c306800 Implicit null exception at 0x000000010ec98be8 to 0x000000010ec98c51
Event: 31.607 Thread 0x00007f953c306800 Exception <a 'java/lang/NoSuchMethodError': <clinit>> (0x00000007bf255328) thrown at [/Users/java_re/workspace/8-2-build-macosx-x86_64/jdk8u151/9699/hotspot/src/share/vm/prims/jni.cpp, line 1613]
Event: 32.910 Thread 0x00007f953c306800 Implicit null exception at 0x000000010e9dc16f to 0x000000010e9dc1d9
Event: 38.386 Thread 0x00007f953c306800 Exception <a 'java/lang/ClassCastException'> (0x00000007be73b9f8) thrown at [/Users/java_re/workspace/8-2-build-macosx-x86_64/jdk8u151/9699/hotspot/src/share/vm/runtime/sharedRuntime.cpp, line 605]
Event: 61.716 Thread 0x00007f953c306800 Exception <a 'java/lang/ClassCastException'> (0x00000007be5cf5a0) thrown at [/Users/java_re/workspace/8-2-build-macosx-x86_64/jdk8u151/9699/hotspot/src/share/vm/runtime/sharedRuntime.cpp, line 605]
Event: 61.729 Thread 0x00007f953c306800 Exception <a 'java/lang/ClassCastException'> (0x00000007be780370) thrown at [/Users/java_re/workspace/8-2-build-macosx-x86_64/jdk8u151/9699/hotspot/src/share/vm/runtime/sharedRuntime.cpp, line 605]
Event: 61.741 Thread 0x00007f953c306800 Exception <a 'java/lang/ClassCastException'> (0x00000007be8e87a0) thrown at [/Users/java_re/workspace/8-2-build-macosx-x86_64/jdk8u151/9699/hotspot/src/share/vm/runtime/sharedRuntime.cpp, line 605]
Event: 61.765 Thread 0x00007f953c306800 Exception <a 'java/lang/ClassCastException'> (0x00000007bd5d1110) thrown at [/Users/java_re/workspace/8-2-build-macosx-x86_64/jdk8u151/9699/hotspot/src/share/vm/runtime/sharedRuntime.cpp, line 605]
Event: 61.853 Thread 0x00007f953c306800 Exception <a 'java/lang/ClassCastException': java.awt.font.StyledParagraph cannot be cast to java.awt.Font> (0x00000007bdd88138) thrown at [/Users/java_re/workspace/8-2-build-macosx-x86_64/jdk8u151/9699/hotspot/src/share/vm/interpreter/interpreterRuntime.
Event: 146.785 Thread 0x00007f953c572000 Exception <a 'sun/net/ConnectionResetException': Connection reset> (0x00000007be8386c8) thrown at [/Users/java_re/workspace/8-2-build-macosx-x86_64/jdk8u151/9699/hotspot/src/share/vm/prims/jni.cpp, line 735]

Events (10 events):
Event: 148.337 Thread 0x00007f953b7cb800 Thread exited: 0x00007f953b7cb800
Event: 148.337 loading class com/samskivert/util/FileUtil
Event: 148.337 loading class com/samskivert/util/FileUtil done
Event: 148.337 Thread 0x00007f953c7de800 Thread exited: 0x00007f953c7de800
Event: 148.337 Thread 0x00007f954289e000 Thread exited: 0x00007f954289e000
Event: 148.337 Thread 0x00007f953b1fa800 Thread exited: 0x00007f953b1fa800
Event: 148.337 Thread 0x00007f953c513800 Thread added: 0x00007f953c513800
Event: 148.339 Thread 0x00007f9540807800 Thread exited: 0x00007f9540807800
Event: 148.339 Thread 0x00007f953c831800 Thread exited: 0x00007f953c831800
Event: 148.339 Executing VM operation: Exit


Dynamic libraries:
0x000000001d8f0000 	/System/Library/Frameworks/Cocoa.framework/Versions/A/Cocoa
0x000000001d8f0000 	/System/Library/Frameworks/Security.framework/Versions/A/Security
0x000000001d8f0000 	/System/Library/Frameworks/ApplicationServices.framework/Versions/A/ApplicationServices
0x000000001d8f0000 	/usr/lib/libz.1.dylib
0x000000001d8f0000 	/usr/lib/libSystem.B.dylib
0x000000001d8f0000 	/usr/lib/libobjc.A.dylib
0x000000001d8f0000 	/System/Library/Frameworks/CoreFoundation.framework/Versions/A/CoreFoundation
0x000000001d8f0000 	/System/Library/Frameworks/Foundation.framework/Versions/C/Foundation
0x000000001d8f0000 	/System/Library/Frameworks/AppKit.framework/Versions/C/AppKit
0x000000001d8f0000 	/System/Library/Frameworks/CoreData.framework/Versions/A/CoreData
0x000000001d8f0000 	/System/Library/PrivateFrameworks/RemoteViewServices.framework/Versions/A/RemoteViewServices
0x000000001d8f0000 	/System/Library/PrivateFrameworks/UIFoundation.framework/Versions/A/UIFoundation
0x000000001d8f0000 	/System/Library/PrivateFrameworks/DFRFoundation.framework/Versions/A/DFRFoundation
0x000000001d8f0000 	/System/Library/Frameworks/Metal.framework/Versions/A/Metal
0x000000001d8f0000 	/System/Library/PrivateFrameworks/DesktopServicesPriv.framework/Versions/A/DesktopServicesPriv
0x000000001d8f0000 	/usr/lib/libenergytrace.dylib
0x000000001d8f0000 	/System/Library/PrivateFrameworks/SkyLight.framework/Versions/A/SkyLight
0x000000001d8f0000 	/System/Library/Frameworks/CoreGraphics.framework/Versions/A/CoreGraphics
0x000000001d8f0000 	/usr/lib/libScreenReader.dylib
0x000000001d8f0000 	/System/Library/Frameworks/Accelerate.framework/Versions/A/Accelerate
0x000000001d8f0000 	/System/Library/Frameworks/IOSurface.framework/Versions/A/IOSurface
0x000000001d8f0000 	/System/Library/Frameworks/AudioToolbox.framework/Versions/A/AudioToolbox
0x000000001d8f0000 	/System/Library/Frameworks/AudioUnit.framework/Versions/A/AudioUnit
0x000000001d8f0000 	/System/Library/PrivateFrameworks/DataDetectorsCore.framework/Versions/A/DataDetectorsCore
0x000000001d8f0000 	/System/Library/Frameworks/Carbon.framework/Versions/A/Frameworks/HIToolbox.framework/Versions/A/HIToolbox
0x000000001d8f0000 	/usr/lib/libicucore.A.dylib
0x000000001d8f0000 	/System/Library/Frameworks/QuartzCore.framework/Versions/A/QuartzCore
0x000000001d8f0000 	/System/Library/Frameworks/Carbon.framework/Versions/A/Frameworks/SpeechRecognition.framework/Versions/A/SpeechRecognition
0x000000001d8f0000 	/usr/lib/libauto.dylib
0x000000001d8f0000 	/usr/lib/libxml2.2.dylib
0x000000001d8f0000 	/System/Library/PrivateFrameworks/CoreUI.framework/Versions/A/CoreUI
0x000000001d8f0000 	/System/Library/Frameworks/CoreAudio.framework/Versions/A/CoreAudio
0x000000001d8f0000 	/System/Library/Frameworks/DiskArbitration.framework/Versions/A/DiskArbitration
0x000000001d8f0000 	/usr/lib/liblangid.dylib
0x000000001d8f0000 	/System/Library/PrivateFrameworks/MultitouchSupport.framework/Versions/A/MultitouchSupport
0x000000001d8f0000 	/System/Library/Frameworks/IOKit.framework/Versions/A/IOKit
0x000000001d8f0000 	/usr/lib/libDiagnosticMessagesClient.dylib
0x000000001d8f0000 	/System/Library/Frameworks/CoreServices.framework/Versions/A/CoreServices
0x000000001d8f0000 	/System/Library/PrivateFrameworks/PerformanceAnalysis.framework/Versions/A/PerformanceAnalysis
0x000000001d8f0000 	/System/Library/Frameworks/OpenGL.framework/Versions/A/OpenGL
0x000000001d8f0000 	/System/Library/Frameworks/ColorSync.framework/Versions/A/ColorSync
0x000000001d8f0000 	/System/Library/Frameworks/CoreImage.framework/Versions/A/CoreImage
0x000000001d8f0000 	/System/Library/Frameworks/CoreText.framework/Versions/A/CoreText
0x000000001d8f0000 	/System/Library/Frameworks/ImageIO.framework/Versions/A/ImageIO
0x000000001d8f0000 	/System/Library/PrivateFrameworks/Backup.framework/Versions/A/Backup
0x000000001d8f0000 	/usr/lib/libarchive.2.dylib
0x000000001d8f0000 	/System/Library/Frameworks/CFNetwork.framework/Versions/A/CFNetwork
0x000000001d8f0000 	/System/Library/Frameworks/SystemConfiguration.framework/Versions/A/SystemConfiguration
0x000000001d8f0000 	/usr/lib/libCRFSuite.dylib
0x000000001d8f0000 	/usr/lib/libc++.1.dylib
0x000000001d8f0000 	/usr/lib/libc++abi.dylib
0x000000001d8f0000 	/usr/lib/system/libcache.dylib
0x000000001d8f0000 	/usr/lib/system/libcommonCrypto.dylib
0x000000001d8f0000 	/usr/lib/system/libcompiler_rt.dylib
0x000000001d8f0000 	/usr/lib/system/libcopyfile.dylib
0x000000001d8f0000 	/usr/lib/system/libcorecrypto.dylib
0x000000001d8f0000 	/usr/lib/system/libdispatch.dylib
0x000000001d8f0000 	/usr/lib/system/libdyld.dylib
0x000000001d8f0000 	/usr/lib/system/libkeymgr.dylib
0x000000001d8f0000 	/usr/lib/system/liblaunch.dylib
0x000000001d8f0000 	/usr/lib/system/libmacho.dylib
0x000000001d8f0000 	/usr/lib/system/libquarantine.dylib
0x000000001d8f0000 	/usr/lib/system/libremovefile.dylib
0x000000001d8f0000 	/usr/lib/system/libsystem_asl.dylib
0x000000001d8f0000 	/usr/lib/system/libsystem_blocks.dylib
0x000000001d8f0000 	/usr/lib/system/libsystem_c.dylib
0x000000001d8f0000 	/usr/lib/system/libsystem_configuration.dylib
0x000000001d8f0000 	/usr/lib/system/libsystem_coreservices.dylib
0x000000001d8f0000 	/usr/lib/system/libsystem_darwin.dylib
0x000000001d8f0000 	/usr/lib/system/libsystem_dnssd.dylib
0x000000001d8f0000 	/usr/lib/system/libsystem_info.dylib
0x000000001d8f0000 	/usr/lib/system/libsystem_m.dylib
0x000000001d8f0000 	/usr/lib/system/libsystem_malloc.dylib
0x000000001d8f0000 	/usr/lib/system/libsystem_network.dylib
0x000000001d8f0000 	/usr/lib/system/libsystem_networkextension.dylib
0x000000001d8f0000 	/usr/lib/system/libsystem_notify.dylib
0x000000001d8f0000 	/usr/lib/system/libsystem_sandbox.dylib
0x000000001d8f0000 	/usr/lib/system/libsystem_secinit.dylib
0x000000001d8f0000 	/usr/lib/system/libsystem_kernel.dylib
0x000000001d8f0000 	/usr/lib/system/libsystem_platform.dylib
0x000000001d8f0000 	/usr/lib/system/libsystem_pthread.dylib
0x000000001d8f0000 	/usr/lib/system/libsystem_symptoms.dylib
0x000000001d8f0000 	/usr/lib/system/libsystem_trace.dylib
0x000000001d8f0000 	/usr/lib/system/libunwind.dylib
0x000000001d8f0000 	/usr/lib/system/libxpc.dylib
0x000000001d8f0000 	/usr/lib/closure/libclosured.dylib
0x000000001d8f0000 	/usr/lib/libbsm.0.dylib
0x000000001d8f0000 	/usr/lib/system/libkxld.dylib
0x000000001d8f0000 	/usr/lib/libOpenScriptingUtil.dylib
0x000000001d8f0000 	/usr/lib/libcoretls.dylib
0x000000001d8f0000 	/usr/lib/libcoretls_cfhelpers.dylib
0x000000001d8f0000 	/usr/lib/libpam.2.dylib
0x000000001d8f0000 	/usr/lib/libsqlite3.dylib
0x000000001d8f0000 	/usr/lib/libxar.1.dylib
0x000000001d8f0000 	/usr/lib/libbz2.1.0.dylib
0x000000001d8f0000 	/usr/lib/liblzma.5.dylib
0x000000001d8f0000 	/usr/lib/libnetwork.dylib
0x000000001d8f0000 	/usr/lib/libapple_nghttp2.dylib
0x000000001d8f0000 	/usr/lib/libpcap.A.dylib
0x000000001d8f0000 	/usr/lib/libboringssl.dylib
0x000000001d8f0000 	/usr/lib/libusrtcp.dylib
0x000000001d8f0000 	/usr/lib/libapple_crypto.dylib
0x000000001d8f0000 	/System/Library/Frameworks/CoreServices.framework/Versions/A/Frameworks/FSEvents.framework/Versions/A/FSEvents
0x000000001d8f0000 	/System/Library/Frameworks/CoreServices.framework/Versions/A/Frameworks/CarbonCore.framework/Versions/A/CarbonCore
0x000000001d8f0000 	/System/Library/Frameworks/CoreServices.framework/Versions/A/Frameworks/Metadata.framework/Versions/A/Metadata
0x000000001d8f0000 	/System/Library/Frameworks/CoreServices.framework/Versions/A/Frameworks/OSServices.framework/Versions/A/OSServices
0x000000001d8f0000 	/System/Library/Frameworks/CoreServices.framework/Versions/A/Frameworks/SearchKit.framework/Versions/A/SearchKit
0x000000001d8f0000 	/System/Library/Frameworks/CoreServices.framework/Versions/A/Frameworks/AE.framework/Versions/A/AE
0x000000001d8f0000 	/System/Library/Frameworks/CoreServices.framework/Versions/A/Frameworks/LaunchServices.framework/Versions/A/LaunchServices
0x000000001d8f0000 	/System/Library/Frameworks/CoreServices.framework/Versions/A/Frameworks/DictionaryServices.framework/Versions/A/DictionaryServices
0x000000001d8f0000 	/System/Library/Frameworks/CoreServices.framework/Versions/A/Frameworks/SharedFileList.framework/Versions/A/SharedFileList
0x000000001d8f0000 	/System/Library/Frameworks/NetFS.framework/Versions/A/NetFS
0x000000001d8f0000 	/System/Library/PrivateFrameworks/NetAuth.framework/Versions/A/NetAuth
0x000000001d8f0000 	/System/Library/PrivateFrameworks/login.framework/Versions/A/Frameworks/loginsupport.framework/Versions/A/loginsupport
0x000000001d8f0000 	/System/Library/PrivateFrameworks/TCC.framework/Versions/A/TCC
0x000000001d8f0000 	/usr/lib/libmecabra.dylib
0x000000001d8f0000 	/System/Library/Frameworks/ApplicationServices.framework/Versions/A/Frameworks/ATS.framework/Versions/A/ATS
0x000000001d8f0000 	/System/Library/Frameworks/ApplicationServices.framework/Versions/A/Frameworks/ColorSyncLegacy.framework/Versions/A/ColorSyncLegacy
0x000000001d8f0000 	/System/Library/Frameworks/ApplicationServices.framework/Versions/A/Frameworks/HIServices.framework/Versions/A/HIServices
0x000000001d8f0000 	/System/Library/Frameworks/ApplicationServices.framework/Versions/A/Frameworks/LangAnalysis.framework/Versions/A/LangAnalysis
0x000000001d8f0000 	/System/Library/Frameworks/ApplicationServices.framework/Versions/A/Frameworks/PrintCore.framework/Versions/A/PrintCore
0x000000001d8f0000 	/System/Library/Frameworks/ApplicationServices.framework/Versions/A/Frameworks/QD.framework/Versions/A/QD
0x000000001d8f0000 	/System/Library/Frameworks/ApplicationServices.framework/Versions/A/Frameworks/SpeechSynthesis.framework/Versions/A/SpeechSynthesis
0x000000001d8f0000 	/System/Library/Frameworks/CoreDisplay.framework/Versions/A/CoreDisplay
0x000000001d8f0000 	/System/Library/Frameworks/Accelerate.framework/Versions/A/Frameworks/vImage.framework/Versions/A/vImage
0x000000001d8f0000 	/System/Library/Frameworks/Accelerate.framework/Versions/A/Frameworks/vecLib.framework/Versions/A/vecLib
0x000000001d8f0000 	/System/Library/Frameworks/Accelerate.framework/Versions/A/Frameworks/vecLib.framework/Versions/A/libvDSP.dylib
0x000000001d8f0000 	/System/Library/Frameworks/Accelerate.framework/Versions/A/Frameworks/vecLib.framework/Versions/A/libBNNS.dylib
0x000000001d8f0000 	/System/Library/Frameworks/Accelerate.framework/Versions/A/Frameworks/vecLib.framework/Versions/A/libQuadrature.dylib
0x000000001d8f0000 	/System/Library/Frameworks/Accelerate.framework/Versions/A/Frameworks/vecLib.framework/Versions/A/libvMisc.dylib
0x000000001d8f0000 	/System/Library/Frameworks/Accelerate.framework/Versions/A/Frameworks/vecLib.framework/Versions/A/libLAPACK.dylib
0x000000001d8f0000 	/System/Library/Frameworks/Accelerate.framework/Versions/A/Frameworks/vecLib.framework/Versions/A/libBLAS.dylib
0x000000001d8f0000 	/System/Library/Frameworks/Accelerate.framework/Versions/A/Frameworks/vecLib.framework/Versions/A/libLinearAlgebra.dylib
0x000000001d8f0000 	/System/Library/Frameworks/Accelerate.framework/Versions/A/Frameworks/vecLib.framework/Versions/A/libSparse.dylib
0x000000001d8f0000 	/System/Library/Frameworks/Accelerate.framework/Versions/A/Frameworks/vecLib.framework/Versions/A/libSparseBLAS.dylib
0x000000001d8f0000 	/System/Library/PrivateFrameworks/IOAccelerator.framework/Versions/A/IOAccelerator
0x000000001d8f0000 	/System/Library/PrivateFrameworks/IOPresentment.framework/Versions/A/IOPresentment
0x000000001d8f0000 	/System/Library/PrivateFrameworks/DSExternalDisplay.framework/Versions/A/DSExternalDisplay
0x000000001d8f0000 	/System/Library/Frameworks/OpenGL.framework/Versions/A/Libraries/libCoreFSCache.dylib
0x000000001d8f0000 	/System/Library/Frameworks/CoreVideo.framework/Versions/A/CoreVideo
0x000000001d8f0000 	/System/Library/PrivateFrameworks/GraphVisualizer.framework/Versions/A/GraphVisualizer
0x000000001d8f0000 	/System/Library/Frameworks/MetalPerformanceShaders.framework/Versions/A/MetalPerformanceShaders
0x000000001d8f0000 	/usr/lib/libFosl_dynamic.dylib
0x000000001d8f0000 	/System/Library/PrivateFrameworks/FaceCore.framework/Versions/A/FaceCore
0x000000001d8f0000 	/System/Library/Frameworks/OpenCL.framework/Versions/A/OpenCL
0x000000001d8f0000 	/usr/lib/libcompression.dylib
0x000000001d8f0000 	/System/Library/Frameworks/ApplicationServices.framework/Versions/A/Frameworks/ATS.framework/Versions/A/Resources/libFontParser.dylib
0x000000001d8f0000 	/System/Library/Frameworks/ApplicationServices.framework/Versions/A/Frameworks/ATS.framework/Versions/A/Resources/libFontRegistry.dylib
0x000000001d8f0000 	/System/Library/Frameworks/ImageIO.framework/Versions/A/Resources/libJPEG.dylib
0x000000001d8f0000 	/System/Library/Frameworks/ImageIO.framework/Versions/A/Resources/libTIFF.dylib
0x000000001d8f0000 	/System/Library/Frameworks/ImageIO.framework/Versions/A/Resources/libPng.dylib
0x000000001d8f0000 	/System/Library/Frameworks/ImageIO.framework/Versions/A/Resources/libGIF.dylib
0x000000001d8f0000 	/System/Library/Frameworks/ImageIO.framework/Versions/A/Resources/libJP2.dylib
0x000000001d8f0000 	/System/Library/Frameworks/ImageIO.framework/Versions/A/Resources/libRadiance.dylib
0x000000001d8f0000 	/System/Library/PrivateFrameworks/AppleJPEG.framework/Versions/A/AppleJPEG
0x000000001d8f0000 	/System/Library/PrivateFrameworks/MetalTools.framework/Versions/A/MetalTools
0x000000001d8f0000 	/System/Library/Frameworks/MetalPerformanceShaders.framework/Frameworks/MPSCore.framework/Versions/A/MPSCore
0x000000001d8f0000 	/System/Library/Frameworks/MetalPerformanceShaders.framework/Frameworks/MPSImage.framework/Versions/A/MPSImage
0x000000001d8f0000 	/System/Library/Frameworks/MetalPerformanceShaders.framework/Frameworks/MPSMatrix.framework/Versions/A/MPSMatrix
0x000000001d8f0000 	/System/Library/Frameworks/MetalPerformanceShaders.framework/Frameworks/MPSNeuralNetwork.framework/Versions/A/MPSNeuralNetwork
0x000000001d8f0000 	/System/Library/Frameworks/OpenGL.framework/Versions/A/Libraries/libGLU.dylib
0x000000001d8f0000 	/System/Library/Frameworks/OpenGL.framework/Versions/A/Libraries/libGFXShared.dylib
0x000000001d8f0000 	/System/Library/Frameworks/OpenGL.framework/Versions/A/Libraries/libGL.dylib
0x000000001d8f0000 	/System/Library/Frameworks/OpenGL.framework/Versions/A/Libraries/libGLImage.dylib
0x000000001d8f0000 	/System/Library/Frameworks/OpenGL.framework/Versions/A/Libraries/libCVMSPluginSupport.dylib
0x000000001d8f0000 	/System/Library/Frameworks/OpenGL.framework/Versions/A/Libraries/libCoreVMClient.dylib
0x000000001d8f0000 	/usr/lib/libcups.2.dylib
0x000000001d8f0000 	/System/Library/Frameworks/Kerberos.framework/Versions/A/Kerberos
0x000000001d8f0000 	/System/Library/Frameworks/GSS.framework/Versions/A/GSS
0x000000001d8f0000 	/usr/lib/libresolv.9.dylib
0x000000001d8f0000 	/usr/lib/libiconv.2.dylib
0x000000001d8f0000 	/System/Library/PrivateFrameworks/Heimdal.framework/Versions/A/Heimdal
0x000000001d8f0000 	/usr/lib/libheimdal-asn1.dylib
0x000000001d8f0000 	/System/Library/Frameworks/OpenDirectory.framework/Versions/A/OpenDirectory
0x000000001d8f0000 	/System/Library/PrivateFrameworks/CommonAuth.framework/Versions/A/CommonAuth
0x000000001d8f0000 	/System/Library/Frameworks/OpenDirectory.framework/Versions/A/Frameworks/CFOpenDirectory.framework/Versions/A/CFOpenDirectory
0x000000001d8f0000 	/System/Library/Frameworks/SecurityFoundation.framework/Versions/A/SecurityFoundation
0x000000001d8f0000 	/System/Library/PrivateFrameworks/APFS.framework/Versions/A/APFS
0x000000001d8f0000 	/usr/lib/libutil.dylib
0x000000001d8f0000 	/System/Library/PrivateFrameworks/AppleSauce.framework/Versions/A/AppleSauce
0x000000001d8f0000 	/System/Library/PrivateFrameworks/LinguisticData.framework/Versions/A/LinguisticData
0x000000001d8f0000 	/usr/lib/libmarisa.dylib
0x000000001d8f0000 	/System/Library/PrivateFrameworks/Lexicon.framework/Versions/A/Lexicon
0x000000001d8f0000 	/usr/lib/libChineseTokenizer.dylib
0x000000001d8f0000 	/usr/lib/libcmph.dylib
0x000000001d8f0000 	/System/Library/PrivateFrameworks/LanguageModeling.framework/Versions/A/LanguageModeling
0x000000001d8f0000 	/System/Library/PrivateFrameworks/CoreEmoji.framework/Versions/A/CoreEmoji
0x000000001d8f0000 	/System/Library/Frameworks/ServiceManagement.framework/Versions/A/ServiceManagement
0x000000001d8f0000 	/System/Library/PrivateFrameworks/BackgroundTaskManagement.framework/Versions/A/BackgroundTaskManagement
0x000000001d8f0000 	/usr/lib/libxslt.1.dylib
0x000000001d8f0000 	/System/Library/Frameworks/Carbon.framework/Versions/A/Frameworks/Ink.framework/Versions/A/Ink
0x000000001d8f0000 	/System/Library/PrivateFrameworks/TextureIO.framework/Versions/A/TextureIO
0x000000001d8f0000 	/usr/lib/libate.dylib
0x000000001d8f0000 	/System/Library/PrivateFrameworks/CrashReporterSupport.framework/Versions/A/CrashReporterSupport
0x000000001d8f0000 	/System/Library/PrivateFrameworks/Sharing.framework/Versions/A/Sharing
0x000000001d8f0000 	/System/Library/PrivateFrameworks/IconServices.framework/Versions/A/IconServices
0x000000001d8f0000 	/System/Library/PrivateFrameworks/ProtocolBuffer.framework/Versions/A/ProtocolBuffer
0x000000001d8f0000 	/System/Library/PrivateFrameworks/Apple80211.framework/Versions/A/Apple80211
0x000000001d8f0000 	/System/Library/Frameworks/CoreWLAN.framework/Versions/A/CoreWLAN
0x000000001d8f0000 	/System/Library/PrivateFrameworks/CoreUtils.framework/Versions/A/CoreUtils
0x000000001d8f0000 	/System/Library/Frameworks/IOBluetooth.framework/Versions/A/IOBluetooth
0x000000001d8f0000 	/System/Library/PrivateFrameworks/CoreWiFi.framework/Versions/A/CoreWiFi
0x000000001d8f0000 	/System/Library/Frameworks/CoreBluetooth.framework/Versions/A/CoreBluetooth
0x000000001d8f0000 	/System/Library/PrivateFrameworks/SignpostNotification.framework/Versions/A/SignpostNotification
0x000000001d8f0000 	/System/Library/PrivateFrameworks/DebugSymbols.framework/Versions/A/DebugSymbols
0x000000001d8f0000 	/System/Library/PrivateFrameworks/CoreSymbolication.framework/Versions/A/CoreSymbolication
0x000000001d8f0000 	/System/Library/PrivateFrameworks/Symbolication.framework/Versions/A/Symbolication
0x000000001d8f0000 	/System/Library/PrivateFrameworks/AppleFSCompression.framework/Versions/A/AppleFSCompression
0x000000001d8f0000 	/System/Library/PrivateFrameworks/SpeechRecognitionCore.framework/Versions/A/SpeechRecognitionCore
0x0000000108c00000 	/Library/Java/JavaVirtualMachines/jdk1.8.0_151.jdk/Contents/Home/jre/lib/server/libjvm.dylib
0x000000001d8f0000 	/usr/lib/libstdc++.6.0.9.dylib
0x0000000108372000 	/Library/Java/JavaVirtualMachines/jdk1.8.0_151.jdk/Contents/Home/jre/lib/libverify.dylib
0x0000000108380000 	/Library/Java/JavaVirtualMachines/jdk1.8.0_151.jdk/Contents/Home/jre/lib/libjava.dylib
0x0000000109ba7000 	/Library/Java/JavaVirtualMachines/jdk1.8.0_151.jdk/Contents/Home/jre/lib/libzip.dylib
0x000000001d8f0000 	/System/Library/Frameworks/JavaVM.framework/Versions/A/Frameworks/JavaRuntimeSupport.framework/Versions/A/JavaRuntimeSupport
0x000000001d8f0000 	/System/Library/Frameworks/JavaVM.framework/Versions/A/Frameworks/JavaNativeFoundation.framework/Versions/A/JavaNativeFoundation
0x000000001d8f0000 	/System/Library/Frameworks/JavaVM.framework/Versions/A/JavaVM
0x000000001d8f0000 	/System/Library/Frameworks/Carbon.framework/Versions/A/Carbon
0x000000001d8f0000 	/System/Library/PrivateFrameworks/JavaLaunching.framework/Versions/A/JavaLaunching
0x000000001d8f0000 	/System/Library/Frameworks/Carbon.framework/Versions/A/Frameworks/CommonPanels.framework/Versions/A/CommonPanels
0x000000001d8f0000 	/System/Library/Frameworks/Carbon.framework/Versions/A/Frameworks/Help.framework/Versions/A/Help
0x000000001d8f0000 	/System/Library/Frameworks/Carbon.framework/Versions/A/Frameworks/ImageCapture.framework/Versions/A/ImageCapture
0x000000001d8f0000 	/System/Library/Frameworks/Carbon.framework/Versions/A/Frameworks/OpenScripting.framework/Versions/A/OpenScripting
0x000000001d8f0000 	/System/Library/Frameworks/Carbon.framework/Versions/A/Frameworks/Print.framework/Versions/A/Print
0x000000001d8f0000 	/System/Library/Frameworks/Carbon.framework/Versions/A/Frameworks/SecurityHI.framework/Versions/A/SecurityHI
0x000000010d9ef000 	/private/var/folders/__/677dyz0j6d159xhks_rrr90h0000gn/T/steamworks4j/c6321039/libsteam_api.dylib
0x000000010da34000 	/private/var/folders/__/677dyz0j6d159xhks_rrr90h0000gn/T/steamworks4j/c6321039/libsteamworks4j.dylib
0x000000011d4b4000 	/Users/kayaba/Library/Application Support/Steam/Steam.AppBundle/Steam/Contents/MacOS/steamclient.dylib
0x000000010da9b000 	/Users/kayaba/Library/Application Support/Steam/Steam.AppBundle/Steam/Contents/MacOS/libtier0_s.dylib
0x000000010dad0000 	/Users/kayaba/Library/Application Support/Steam/Steam.AppBundle/Steam/Contents/MacOS/libvstdlib_s.dylib
0x000000010db2c000 	/Users/kayaba/Library/Application Support/Steam/Steam.AppBundle/Steam/Contents/MacOS/libaudio.dylib
0x000000001d8f0000 	/System/Library/Frameworks/OpenAL.framework/Versions/A/OpenAL
0x000000010db52000 	/Users/kayaba/Library/Application Support/Steam/Steam.AppBundle/Steam/Contents/MacOS/crashhandler.dylib
0x000000010db7d000 	/Users/kayaba/Library/Application Support/Steam/Steam.AppBundle/Steam/Contents/MacOS/Frameworks/Breakpad.framework/Versions/A/Breakpad
0x000000010db92000 	/Users/kayaba/Library/Application Support/Steam/Steam.AppBundle/Steam/Contents/MacOS/Frameworks/Breakpad.framework/Versions/A/Resources/breakpadUtilities.dylib
0x000000010dbea000 	/Library/Java/JavaVirtualMachines/jdk1.8.0_151.jdk/Contents/Home/jre/lib/libosx.dylib
0x000000010dbf8000 	/Library/Java/JavaVirtualMachines/jdk1.8.0_151.jdk/Contents/Home/jre/lib/./libosxapp.dylib
0x000000001d8f0000 	/System/Library/Frameworks/ExceptionHandling.framework/Versions/A/ExceptionHandling
0x000000010dc14000 	/private/var/folders/__/677dyz0j6d159xhks_rrr90h0000gn/T/libgdxkayaba/d8ae55ed/libgdx64.dylib
0x000000010dc59000 	/Library/Java/JavaVirtualMachines/jdk1.8.0_151.jdk/Contents/Home/jre/lib/libawt.dylib
0x000000010dd01000 	/Library/Java/JavaVirtualMachines/jdk1.8.0_151.jdk/Contents/Home/jre/lib/./libmlib_image.dylib
0x000000010ddcd000 	/Library/Java/JavaVirtualMachines/jdk1.8.0_151.jdk/Contents/Home/jre/lib/libawt_lwawt.dylib
0x000000001d8f0000 	/System/Library/PrivateFrameworks/CoreServicesInternal.framework/Versions/A/CoreServicesInternal
0x000000001d8f0000 	/System/Library/CoreServices/RawCamera.bundle/Contents/MacOS/RawCamera
0x000000001d8f0000 	/System/Library/PrivateFrameworks/MobileAsset.framework/Versions/A/MobileAsset
0x000000001d8f0000 	/System/Library/PrivateFrameworks/StreamingZip.framework/Versions/A/StreamingZip
0x000000001d8f0000 	/System/Library/Frameworks/MediaToolbox.framework/Versions/A/MediaToolbox
0x000000001d8f0000 	/System/Library/PrivateFrameworks/CoreAVCHD.framework/Versions/A/CoreAVCHD
0x000000001d8f0000 	/System/Library/Frameworks/MediaAccessibility.framework/Versions/A/MediaAccessibility
0x000000001d8f0000 	/System/Library/PrivateFrameworks/Mangrove.framework/Versions/A/Mangrove
0x000000001d8f0000 	/System/Library/Frameworks/CoreMedia.framework/Versions/A/CoreMedia
0x000000001d8f0000 	/System/Library/Frameworks/VideoToolbox.framework/Versions/A/VideoToolbox
0x000000001d8f0000 	/System/Library/PrivateFrameworks/CoreAUC.framework/Versions/A/CoreAUC
0x000000001d8f0000 	/usr/lib/libspindump.dylib
0x000000001d8f0000 	/usr/lib/libdscsym.dylib
0x000000001d8f0000 	/System/Library/PrivateFrameworks/AppleVA.framework/Versions/A/AppleVA
0x000000001d8f0000 	/System/Library/Frameworks/Accelerate.framework/Versions/A/Frameworks/vImage.framework/Versions/A/Libraries/libCGInterfaces.dylib
0x000000001d8f0000 	/System/Library/Frameworks/ApplicationServices.framework/Versions/A/Frameworks/ATS.framework/Versions/A/Resources/libTrueTypeScaler.dylib
0x000000001d8f0000 	/System/Library/Frameworks/OpenGL.framework/Versions/A/Resources/GLEngine.bundle/GLEngine
0x000000001d8f0000 	/System/Library/Frameworks/OpenGL.framework/Versions/A/Libraries/libGLProgrammability.dylib
0x00000001210c1000 	/System/Library/Extensions/GeForceGLDriverWeb.bundle/Contents/MacOS/GeForceGLDriverWeb
0x000000001d8f0000 	/System/Library/PrivateFrameworks/GPUSupport.framework/Versions/A/Libraries/libGPUSupportMercury.dylib
0x000000001d8f0000 	/System/Library/Frameworks/OpenGL.framework/Versions/A/Resources/GLRendererFloat.bundle/GLRendererFloat
0x000000001d8f0000 	/System/Library/Frameworks/OpenCL.framework/Versions/A/Libraries/libcldcpuengine.dylib
0x000000001d8f0000 	/usr/lib/libcrypto.35.dylib
0x000000001d8f0000 	/System/Library/PrivateFrameworks/TrustEvaluationAgent.framework/Versions/A/TrustEvaluationAgent
0x0000000122606000 	/System/Library/Extensions/GeForceMTLDriverWeb.bundle/Contents/MacOS/GeForceMTLDriverWeb
0x000000001d8f0000 	/System/Library/PrivateFrameworks/GPUCompiler.framework/Versions/3802/Libraries/libmetal_timestamp.dylib
0x000000001d8f0000 	/System/Library/PrivateFrameworks/FamilyControls.framework/Versions/A/FamilyControls
0x000000001d8f0000 	/System/Library/PrivateFrameworks/CommerceKit.framework/Versions/A/Frameworks/CommerceCore.framework/Versions/A/CommerceCore
0x000000001d8f0000 	/System/Library/PrivateFrameworks/SystemAdministration.framework/Versions/A/SystemAdministration
0x000000001d8f0000 	/System/Library/PrivateFrameworks/AppContainer.framework/Versions/A/AppContainer
0x000000001d8f0000 	/System/Library/PrivateFrameworks/SecCodeWrapper.framework/Versions/A/SecCodeWrapper
0x000000001d8f0000 	/System/Library/PrivateFrameworks/DiskManagement.framework/Versions/A/DiskManagement
0x000000001d8f0000 	/System/Library/Frameworks/DirectoryService.framework/Versions/A/DirectoryService
0x000000001d8f0000 	/System/Library/PrivateFrameworks/DiskImages.framework/Versions/A/DiskImages
0x000000001d8f0000 	/System/Library/PrivateFrameworks/LoginUIKit.framework/Versions/A/Frameworks/LoginUICore.framework/Versions/A/LoginUICore
0x000000001d8f0000 	/usr/lib/libCoreStorage.dylib
0x000000001d8f0000 	/usr/lib/libcsfde.dylib
0x000000001d8f0000 	/usr/lib/libodfde.dylib
0x000000001d8f0000 	/System/Library/PrivateFrameworks/MediaKit.framework/Versions/A/MediaKit
0x000000001d8f0000 	/System/Library/Frameworks/DiscRecording.framework/Versions/A/DiscRecording
0x000000001d8f0000 	/System/Library/PrivateFrameworks/EFILogin.framework/Versions/A/EFILogin
0x000000001d8f0000 	/System/Library/PrivateFrameworks/ProtectedCloudStorage.framework/Versions/A/ProtectedCloudStorage
0x000000001d8f0000 	/usr/lib/libcurl.4.dylib
0x000000001d8f0000 	/usr/lib/libssl.35.dylib
0x000000001d8f0000 	/System/Library/Frameworks/LDAP.framework/Versions/A/LDAP
0x000000001d8f0000 	/usr/lib/libsasl2.2.dylib
0x000000001d8f0000 	/System/Library/PrivateFrameworks/CoreDaemon.framework/Versions/B/CoreDaemon
0x000000001d8f0000 	/System/Library/PrivateFrameworks/AppleSRP.framework/Versions/A/AppleSRP
0x000000012ac1c000 	/Library/Java/JavaVirtualMachines/jdk1.8.0_151.jdk/Contents/Home/jre/lib/libfontmanager.dylib
0x000000012ac9f000 	/private/var/folders/__/677dyz0j6d159xhks_rrr90h0000gn/T/libgdxkayaba/f7649394/liblwjgl.dylib
0x000000010e408000 	/Library/Java/JavaVirtualMachines/jdk1.8.0_151.jdk/Contents/Home/jre/lib/libjawt.dylib
0x000000012ad21000 	/var/folders/__/677dyz0j6d159xhks_rrr90h0000gn/T/libgdxkayaba/f7649394/openal.dylib
0x000000012ad90000 	/System/Library/Components/CoreAudio.component/Contents/MacOS/CoreAudio
0x000000012affa000 	/System/Library/Extensions/AppleHDA.kext/Contents/PlugIns/AppleHDAHALPlugIn.bundle/Contents/MacOS/AppleHDAHALPlugIn
0x000000001d8f0000 	/System/Library/PrivateFrameworks/ViewBridge.framework/Versions/A/ViewBridge
0x000000012c67f000 	/Library/Java/JavaVirtualMachines/jdk1.8.0_151.jdk/Contents/Home/jre/lib/libnio.dylib
0x000000012c68f000 	/Library/Java/JavaVirtualMachines/jdk1.8.0_151.jdk/Contents/Home/jre/lib/./libnet.dylib
0x0000000120892000 	/Library/Java/JavaVirtualMachines/jdk1.8.0_151.jdk/Contents/Home/jre/lib/libsunec.dylib
0x0000000166a78000 	/Library/Java/JavaVirtualMachines/jdk1.8.0_151.jdk/Contents/Home/jre/lib/libdcpr.dylib
0x0000000166b15000 	/Library/Java/JavaVirtualMachines/jdk1.8.0_151.jdk/Contents/Home/jre/lib/libt2k.dylib
0x000000011f956000 	/Library/ScriptingAdditions/SASyphonInjector.osax/Contents/MacOS/SASyphonInjector
0x000000011f95c000 	/Library/ScriptingAdditions/SASyphonInjector.osax/Contents/Resources/SyphonPayload.bundle/Contents/MacOS/SyphonPayload
0x000000012d864000 	/Library/ScriptingAdditions/SASyphonInjector.osax/Contents/Resources/SyphonPayload.bundle/Contents/Frameworks/Syphon.framework/Versions/A/Syphon
0x000000001d8f0000 	/System/Library/PrivateFrameworks/login.framework/Versions/A/login

VM Arguments:
jvm_args: -Dappdir=/Users/kayaba/IdeaProjects/bang-game/ -Dno_unpack_resources=true -Dbang.home=/Users/kayaba/IdeaProjects/bang-game -Dresource_dir=/Users/kayaba/IdeaProjects/bang-game/assets/build/staging/rsrc -Drsrc_cache_dir=/tmp -Dno_log_redir=true -Xmx128M 
java_command: com.threerings.bang.bang.client.BangDesktop testuser
java_class_path (initial): /Users/kayaba/IdeaProjects/bang-game/assets/build/staging:/Users/kayaba/IdeaProjects/bang-game/build/client/NitroNet-1.0.jar:/Users/kayaba/IdeaProjects/bang-game/build/client/TwitchAPI-1.0.jar:/Users/kayaba/IdeaProjects/bang-game/build/client/activation-1.1.1.jar:/Users/kayaba/IdeaProjects/bang-game/build/client/aopalliance-1.0.jar:/Users/kayaba/IdeaProjects/bang-game/build/client/app-1.1-SNAPSHOT.jar:/Users/kayaba/IdeaProjects/bang-game/build/client/asm-3.1.jar:/Users/kayaba/IdeaProjects/bang-game/build/client/bui-1.1-SNAPSHOT.jar:/Users/kayaba/IdeaProjects/bang-game/build/client/c3p0-0.9.1.1.jar:/Users/kayaba/IdeaProjects/bang-game/build/client/cglib-2.2.1-v20090111.jar:/Users/kayaba/IdeaProjects/bang-game/build/client/commons-io-1.4.jar:/Users/kayaba/IdeaProjects/bang-game/build/client/gdx-1.5.4.jar:/Users/kayaba/IdeaProjects/bang-game/build/client/gdx-backend-lwjgl-1.5.4.jar:/Users/kayaba/IdeaProjects/bang-game/build/client/gdx-platform-1.5.4-natives-desktop.jar:/Users/kayaba/IdeaProjects/bang-game/build/client/getdown-1.4.jar:/Users/kayaba/IdeaProjects/bang-game/build/client/guava-18.0.jar:/Users/kayaba/IdeaProjects/bang-game/build/client/guice-3.0.jar:/Users/kayaba/IdeaProjects/bang-game/build/client/javax.inject-1.jar:/Users/kayaba/IdeaProjects/bang-game/build/client/jinput-2.0.5.jar:/Users/kayaba/IdeaProjects/bang-game/build/client/jinput-platform-2.0.5-natives-linux.jar:/Users/kayaba/IdeaProjects/bang-game/build/client/jinput-platform-2.0.5-natives-osx.jar:/Users/kayaba/IdeaProjects/bang-game/build/client/jinput-platform-2.0.5-natives-windows.jar:/Users/kayaba/IdeaProjects/bang-game/build/client/jlayer-1.0.1-gdx.jar:/Users/kayaba/IdeaProjects/bang-game/build/client/jme-1.1-SNAPSHOT.jar:/Users/kayaba/IdeaProjects/bang-game/build/client/jorbis-0.0.17.jar:/Users/kayaba/IdeaProjects/bang-game/build/client/jsr250-api-1.0.jar:/Users/kayaba/IdeaProjects/bang-game/build/client/jutils-1.0.0.jar:/Users/kayaba/IdeaProjects/bang-game/build/
Launcher Type: SUN_STANDARD

Environment Variables:
PATH=/usr/local/bin:/usr/bin:/bin:/usr/sbin:/sbin:/opt/X11/bin:/Applications/VMware Fusion.app/Contents/Public:/Library/Frameworks/Mono.framework/Versions/Current/Commands
SHELL=/bin/bash
DISPLAY=/private/tmp/com.apple.launchd.mdbUST4HkI/org.macosforge.xquartz:0

Signal Handlers:
SIGSEGV: [libjvm.dylib+0x5b27a5], sa_mask[0]=11111111011111110111111111111111, sa_flags=SA_ONSTACK|SA_RESTART|SA_SIGINFO
SIGBUS: [libjvm.dylib+0x5b27a5], sa_mask[0]=11111111011111110111111111111111, sa_flags=SA_RESTART|SA_SIGINFO
SIGFPE: [libjvm.dylib+0x4891c4], sa_mask[0]=11111111011111110111111111111111, sa_flags=SA_RESTART|SA_SIGINFO
SIGPIPE: [libjvm.dylib+0x4891c4], sa_mask[0]=11111111011111110111111111111111, sa_flags=SA_RESTART|SA_SIGINFO
SIGXFSZ: [libjvm.dylib+0x4891c4], sa_mask[0]=11111111011111110111111111111111, sa_flags=SA_RESTART|SA_SIGINFO
SIGILL: 